  callbacks.cpp
  main.cpp
  RenderUtils.cpp
  Camera.cpp
  Render.cpp
C:\Program Files (x86)\Microsoft Visual Studio\2019\Community\VC\Tools\MSVC\14.22.27905\include\xmemory(1373,1): warning C4626:  'std::_Basic_container_proxy_ptr12': el operador de asignaciones se definió implícitamente como eliminado (compilando archivo de origen RenderUtils.cpp)
C:\Program Files (x86)\Microsoft Visual Studio\2019\Community\VC\Tools\MSVC\14.22.27905\include\xmemory(1373,1): warning C4626:  'std::_Basic_container_proxy_ptr12': el operador de asignaciones se definió implícitamente como eliminado (compilando archivo de origen main.cpp)
C:\Users\mxddx\Desktop\SIM\practica1\common\PhysX-3.4\PxShared\include\foundation\PxVec3.h(293): warning C5045:  El compilador insertará la mitigación de Spectre para la carga de memoria si se especificó el modificador /Qspectre
C:\Users\mxddx\Desktop\SIM\practica1\common\PhysX-3.4\PxShared\include\foundation\PxVec3.h(293): warning C5045: C:\Users\mxddx\Desktop\SIM\practica1\common\PhysX-3.4\PxShared\include\foundation\PxVec3.h(293) : nota: el intervalo "m" del índice se comprobó por comparación en esta línea
C:\Users\mxddx\Desktop\SIM\practica1\common\PhysX-3.4\PxShared\include\foundation\PxVec3.h(293): warning C5045: C:\Users\mxddx\Desktop\SIM\practica1\common\PhysX-3.4\PxShared\include\foundation\PxVec3.h(293) : nota: suministra la llamada en esta línea
C:\Users\mxddx\Desktop\SIM\practica1\common\PhysX-3.4\PxShared\include\foundation\PxVec3.h(303): warning C5045:  El compilador insertará la mitigación de Spectre para la carga de memoria si se especificó el modificador /Qspectre
C:\Users\mxddx\Desktop\SIM\practica1\common\PhysX-3.4\PxShared\include\foundation\PxVec3.h(303): warning C5045: C:\Users\mxddx\Desktop\SIM\practica1\common\PhysX-3.4\PxShared\include\foundation\PxVec3.h(302) : nota: el intervalo "m" del índice se comprobó por comparación en esta línea
C:\Users\mxddx\Desktop\SIM\practica1\common\PhysX-3.4\PxShared\include\foundation\PxVec3.h(303): warning C5045: C:\Users\mxddx\Desktop\SIM\practica1\common\PhysX-3.4\PxShared\include\foundation\PxVec3.h(303) : nota: suministra la llamada en esta línea
C:\Program Files (x86)\Microsoft Visual Studio\2019\Community\VC\Tools\MSVC\14.22.27905\include\vector(320,1): warning C4625:  'std::_Vector_val<std::_Simple_types<_Ty>>': el constructor de copia se definió implícitamente como eliminado
C:\Program Files (x86)\Microsoft Visual Studio\2019\Community\VC\Tools\MSVC\14.22.27905\include\vector(320,1): warning C4625:         with
C:\Program Files (x86)\Microsoft Visual Studio\2019\Community\VC\Tools\MSVC\14.22.27905\include\vector(320,1): warning C4625:         [
C:\Program Files (x86)\Microsoft Visual Studio\2019\Community\VC\Tools\MSVC\14.22.27905\include\vector(320,1): warning C4625:             _Ty=const RenderItem *
C:\Program Files (x86)\Microsoft Visual Studio\2019\Community\VC\Tools\MSVC\14.22.27905\include\vector(320,1): warning C4625:         ] (compilando archivo de origen RenderUtils.cpp)
C:\Program Files (x86)\Microsoft Visual Studio\2019\Community\VC\Tools\MSVC\14.22.27905\include\xmemory(1425): message :  vea la referencia a la creación de instancias de clase plantilla "std::_Vector_val<std::_Simple_types<_Ty>>" que se está compilando
C:\Program Files (x86)\Microsoft Visual Studio\2019\Community\VC\Tools\MSVC\14.22.27905\include\xmemory(1425): message :         with
C:\Program Files (x86)\Microsoft Visual Studio\2019\Community\VC\Tools\MSVC\14.22.27905\include\xmemory(1425): message :         [
C:\Program Files (x86)\Microsoft Visual Studio\2019\Community\VC\Tools\MSVC\14.22.27905\include\xmemory(1425): message :             _Ty=const RenderItem *
C:\Program Files (x86)\Microsoft Visual Studio\2019\Community\VC\Tools\MSVC\14.22.27905\include\xmemory(1425): message :         ] (compilando archivo de origen RenderUtils.cpp)
C:\Program Files (x86)\Microsoft Visual Studio\2019\Community\VC\Tools\MSVC\14.22.27905\include\vector(1716): message :  vea la referencia a la creación de instancias de clase plantilla "std::_Compressed_pair<std::allocator<_Ty>,std::_Vector_val<std::_Simple_types<_Ty>>,true>" que se está compilando
C:\Program Files (x86)\Microsoft Visual Studio\2019\Community\VC\Tools\MSVC\14.22.27905\include\vector(1716): message :         with
C:\Program Files (x86)\Microsoft Visual Studio\2019\Community\VC\Tools\MSVC\14.22.27905\include\vector(1716): message :         [
C:\Program Files (x86)\Microsoft Visual Studio\2019\Community\VC\Tools\MSVC\14.22.27905\include\vector(1716): message :             _Ty=const RenderItem *
C:\Program Files (x86)\Microsoft Visual Studio\2019\Community\VC\Tools\MSVC\14.22.27905\include\vector(1716): message :         ] (compilando archivo de origen RenderUtils.cpp)
C:\Users\mxddx\Desktop\SIM\practica1\skeleton\RenderUtils.cpp(18): message :  vea la referencia a la creación de instancias de clase plantilla "std::vector<const RenderItem *,std::allocator<_Ty>>" que se está compilando
C:\Users\mxddx\Desktop\SIM\practica1\skeleton\RenderUtils.cpp(18): message :         with
C:\Users\mxddx\Desktop\SIM\practica1\skeleton\RenderUtils.cpp(18): message :         [
C:\Users\mxddx\Desktop\SIM\practica1\skeleton\RenderUtils.cpp(18): message :             _Ty=const RenderItem *
C:\Users\mxddx\Desktop\SIM\practica1\skeleton\RenderUtils.cpp(18): message :         ]
C:\Program Files (x86)\Microsoft Visual Studio\2019\Community\VC\Tools\MSVC\14.22.27905\include\vector(320,1): warning C5026:  'std::_Vector_val<std::_Simple_types<_Ty>>': el constructor de movimiento se definió implícitamente como eliminado
C:\Program Files (x86)\Microsoft Visual Studio\2019\Community\VC\Tools\MSVC\14.22.27905\include\vector(320,1): warning C5026:         with
C:\Program Files (x86)\Microsoft Visual Studio\2019\Community\VC\Tools\MSVC\14.22.27905\include\vector(320,1): warning C5026:         [
C:\Program Files (x86)\Microsoft Visual Studio\2019\Community\VC\Tools\MSVC\14.22.27905\include\vector(320,1): warning C5026:             _Ty=const RenderItem *
C:\Program Files (x86)\Microsoft Visual Studio\2019\Community\VC\Tools\MSVC\14.22.27905\include\vector(320,1): warning C5026:         ] (compilando archivo de origen RenderUtils.cpp)
C:\Program Files (x86)\Microsoft Visual Studio\2019\Community\VC\Tools\MSVC\14.22.27905\include\vector(320,1): warning C4626:  'std::_Vector_val<std::_Simple_types<_Ty>>': el operador de asignaciones se definió implícitamente como eliminado
C:\Program Files (x86)\Microsoft Visual Studio\2019\Community\VC\Tools\MSVC\14.22.27905\include\vector(320,1): warning C4626:         with
C:\Program Files (x86)\Microsoft Visual Studio\2019\Community\VC\Tools\MSVC\14.22.27905\include\vector(320,1): warning C4626:         [
C:\Program Files (x86)\Microsoft Visual Studio\2019\Community\VC\Tools\MSVC\14.22.27905\include\vector(320,1): warning C4626:             _Ty=const RenderItem *
C:\Program Files (x86)\Microsoft Visual Studio\2019\Community\VC\Tools\MSVC\14.22.27905\include\vector(320,1): warning C4626:         ] (compilando archivo de origen RenderUtils.cpp)
C:\Program Files (x86)\Microsoft Visual Studio\2019\Community\VC\Tools\MSVC\14.22.27905\include\vector(320,1): warning C5027:  'std::_Vector_val<std::_Simple_types<_Ty>>': el operador de asignaciones de movimiento se definió implícitamente como eliminado
C:\Program Files (x86)\Microsoft Visual Studio\2019\Community\VC\Tools\MSVC\14.22.27905\include\vector(320,1): warning C5027:         with
C:\Program Files (x86)\Microsoft Visual Studio\2019\Community\VC\Tools\MSVC\14.22.27905\include\vector(320,1): warning C5027:         [
C:\Program Files (x86)\Microsoft Visual Studio\2019\Community\VC\Tools\MSVC\14.22.27905\include\vector(320,1): warning C5027:             _Ty=const RenderItem *
C:\Program Files (x86)\Microsoft Visual Studio\2019\Community\VC\Tools\MSVC\14.22.27905\include\vector(320,1): warning C5027:         ] (compilando archivo de origen RenderUtils.cpp)
C:\Program Files (x86)\Microsoft Visual Studio\2019\Community\VC\Tools\MSVC\14.22.27905\include\xmemory(1444,1): warning C4625:  'std::_Compressed_pair<std::allocator<_Ty>,std::_Vector_val<std::_Simple_types<_Ty>>,true>': el constructor de copia se definió implícitamente como eliminado
C:\Program Files (x86)\Microsoft Visual Studio\2019\Community\VC\Tools\MSVC\14.22.27905\include\xmemory(1444,1): warning C4625:         with
C:\Program Files (x86)\Microsoft Visual Studio\2019\Community\VC\Tools\MSVC\14.22.27905\include\xmemory(1444,1): warning C4625:         [
C:\Program Files (x86)\Microsoft Visual Studio\2019\Community\VC\Tools\MSVC\14.22.27905\include\xmemory(1444,1): warning C4625:             _Ty=const RenderItem *
C:\Program Files (x86)\Microsoft Visual Studio\2019\Community\VC\Tools\MSVC\14.22.27905\include\xmemory(1444,1): warning C4625:         ] (compilando archivo de origen RenderUtils.cpp)
C:\Program Files (x86)\Microsoft Visual Studio\2019\Community\VC\Tools\MSVC\14.22.27905\include\xmemory(1444,1): warning C5026:  'std::_Compressed_pair<std::allocator<_Ty>,std::_Vector_val<std::_Simple_types<_Ty>>,true>': el constructor de movimiento se definió implícitamente como eliminado
C:\Program Files (x86)\Microsoft Visual Studio\2019\Community\VC\Tools\MSVC\14.22.27905\include\xmemory(1444,1): warning C5026:         with
C:\Program Files (x86)\Microsoft Visual Studio\2019\Community\VC\Tools\MSVC\14.22.27905\include\xmemory(1444,1): warning C5026:         [
C:\Program Files (x86)\Microsoft Visual Studio\2019\Community\VC\Tools\MSVC\14.22.27905\include\xmemory(1444,1): warning C5026:             _Ty=const RenderItem *
C:\Program Files (x86)\Microsoft Visual Studio\2019\Community\VC\Tools\MSVC\14.22.27905\include\xmemory(1444,1): warning C5026:         ] (compilando archivo de origen RenderUtils.cpp)
C:\Program Files (x86)\Microsoft Visual Studio\2019\Community\VC\Tools\MSVC\14.22.27905\include\xmemory(1444,1): warning C4626:  'std::_Compressed_pair<std::allocator<_Ty>,std::_Vector_val<std::_Simple_types<_Ty>>,true>': el operador de asignaciones se definió implícitamente como eliminado
C:\Program Files (x86)\Microsoft Visual Studio\2019\Community\VC\Tools\MSVC\14.22.27905\include\xmemory(1444,1): warning C4626:         with
C:\Program Files (x86)\Microsoft Visual Studio\2019\Community\VC\Tools\MSVC\14.22.27905\include\xmemory(1444,1): warning C4626:         [
C:\Program Files (x86)\Microsoft Visual Studio\2019\Community\VC\Tools\MSVC\14.22.27905\include\xmemory(1444,1): warning C4626:             _Ty=const RenderItem *
C:\Program Files (x86)\Microsoft Visual Studio\2019\Community\VC\Tools\MSVC\14.22.27905\include\xmemory(1444,1): warning C4626:         ] (compilando archivo de origen RenderUtils.cpp)
C:\Program Files (x86)\Microsoft Visual Studio\2019\Community\VC\Tools\MSVC\14.22.27905\include\xmemory(1444,1): warning C5027:  'std::_Compressed_pair<std::allocator<_Ty>,std::_Vector_val<std::_Simple_types<_Ty>>,true>': el operador de asignaciones de movimiento se definió implícitamente como eliminado
C:\Program Files (x86)\Microsoft Visual Studio\2019\Community\VC\Tools\MSVC\14.22.27905\include\xmemory(1444,1): warning C5027:         with
C:\Program Files (x86)\Microsoft Visual Studio\2019\Community\VC\Tools\MSVC\14.22.27905\include\xmemory(1444,1): warning C5027:         [
C:\Program Files (x86)\Microsoft Visual Studio\2019\Community\VC\Tools\MSVC\14.22.27905\include\xmemory(1444,1): warning C5027:             _Ty=const RenderItem *
C:\Program Files (x86)\Microsoft Visual Studio\2019\Community\VC\Tools\MSVC\14.22.27905\include\xmemory(1444,1): warning C5027:         ] (compilando archivo de origen RenderUtils.cpp)
C:\Program Files (x86)\Microsoft Visual Studio\2019\Community\VC\Tools\MSVC\14.22.27905\include\xmemory(1373,1): warning C4626:  'std::_Basic_container_proxy_ptr12': el operador de asignaciones se definió implícitamente como eliminado (compilando archivo de origen callbacks.cpp)
C:\Users\mxddx\Desktop\SIM\practica1\skeleton\Render\Render.cpp(151): warning C5045:  El compilador insertará la mitigación de Spectre para la carga de memoria si se especificó el modificador /Qspectre
C:\Users\mxddx\Desktop\SIM\practica1\skeleton\Render\Render.cpp(151): warning C5045: C:\Users\mxddx\Desktop\SIM\practica1\skeleton\Render\Render.cpp(144) : nota: el intervalo "" del índice se comprobó por comparación en esta línea
C:\Users\mxddx\Desktop\SIM\practica1\skeleton\Render\Render.cpp(151): warning C5045: C:\Users\mxddx\Desktop\SIM\practica1\skeleton\Render\Render.cpp(151) : nota: suministra la llamada en esta línea
C:\Users\mxddx\Desktop\SIM\practica1\skeleton\Render\Render.cpp(136): warning C5045:  El compilador insertará la mitigación de Spectre para la carga de memoria si se especificó el modificador /Qspectre
C:\Users\mxddx\Desktop\SIM\practica1\skeleton\Render\Render.cpp(136): warning C5045: C:\Users\mxddx\Desktop\SIM\practica1\skeleton\Render\Render.cpp(121) : nota: el intervalo "nbPolys" del índice se comprobó por comparación en esta línea
C:\Users\mxddx\Desktop\SIM\practica1\skeleton\Render\Render.cpp(136): warning C5045: C:\Users\mxddx\Desktop\SIM\practica1\skeleton\Render\Render.cpp(136) : nota: suministra la llamada en esta línea
C:\Users\mxddx\Desktop\SIM\practica1\skeleton\Render\Render.cpp(124): warning C5045:  El compilador insertará la mitigación de Spectre para la carga de memoria si se especificó el modificador /Qspectre
C:\Users\mxddx\Desktop\SIM\practica1\skeleton\Render\Render.cpp(124): warning C5045: C:\Users\mxddx\Desktop\SIM\practica1\skeleton\Render\Render.cpp(121) : nota: el intervalo "nbPolys" del índice se comprobó por comparación en esta línea
C:\Users\mxddx\Desktop\SIM\practica1\skeleton\Render\Render.cpp(124): warning C5045: C:\Users\mxddx\Desktop\SIM\practica1\skeleton\Render\Render.cpp(124) : nota: suministra la carga de memoria en esta línea
C:\Users\mxddx\Desktop\SIM\practica1\skeleton\Render\Render.cpp(208): warning C5045:  El compilador insertará la mitigación de Spectre para la carga de memoria si se especificó el modificador /Qspectre
C:\Users\mxddx\Desktop\SIM\practica1\skeleton\Render\Render.cpp(208): warning C5045: C:\Users\mxddx\Desktop\SIM\practica1\skeleton\Render\Render.cpp(201) : nota: el intervalo "" del índice se comprobó por comparación en esta línea
C:\Users\mxddx\Desktop\SIM\practica1\skeleton\Render\Render.cpp(208): warning C5045: C:\Users\mxddx\Desktop\SIM\practica1\skeleton\Render\Render.cpp(208) : nota: suministra la llamada en esta línea
C:\Users\mxddx\Desktop\SIM\practica1\skeleton\Render\Render.cpp(195): warning C5045:  El compilador insertará la mitigación de Spectre para la carga de memoria si se especificó el modificador /Qspectre
C:\Users\mxddx\Desktop\SIM\practica1\skeleton\Render\Render.cpp(195): warning C5045: C:\Users\mxddx\Desktop\SIM\practica1\skeleton\Render\Render.cpp(181) : nota: el intervalo "triangleCount" del índice se comprobó por comparación en esta línea
C:\Users\mxddx\Desktop\SIM\practica1\skeleton\Render\Render.cpp(195): warning C5045: C:\Users\mxddx\Desktop\SIM\practica1\skeleton\Render\Render.cpp(195) : nota: suministra la llamada en esta línea
C:\Users\mxddx\Desktop\SIM\practica1\skeleton\Render\Render.cpp(189): warning C5045:  El compilador insertará la mitigación de Spectre para la carga de memoria si se especificó el modificador /Qspectre
C:\Users\mxddx\Desktop\SIM\practica1\skeleton\Render\Render.cpp(189): warning C5045: C:\Users\mxddx\Desktop\SIM\practica1\skeleton\Render\Render.cpp(181) : nota: el intervalo "triangleCount" del índice se comprobó por comparación en esta línea
C:\Users\mxddx\Desktop\SIM\practica1\skeleton\Render\Render.cpp(189): warning C5045: C:\Users\mxddx\Desktop\SIM\practica1\skeleton\Render\Render.cpp(189) : nota: suministra la llamada en esta línea
C:\Users\mxddx\Desktop\SIM\practica1\skeleton\Render\Render.cpp(341): warning C5045:  El compilador insertará la mitigación de Spectre para la carga de memoria si se especificó el modificador /Qspectre
C:\Users\mxddx\Desktop\SIM\practica1\skeleton\Render\Render.cpp(341): warning C5045: C:\Users\mxddx\Desktop\SIM\practica1\skeleton\Render\Render.cpp(336) : nota: el intervalo "j" del índice se comprobó por comparación en esta línea
C:\Users\mxddx\Desktop\SIM\practica1\skeleton\Render\Render.cpp(341): warning C5045: C:\Users\mxddx\Desktop\SIM\practica1\skeleton\Render\Render.cpp(341) : nota: suministra la llamada en esta línea
C:\Users\mxddx\Desktop\SIM\practica1\skeleton\Render\Render.cpp(334): warning C5045:  El compilador insertará la mitigación de Spectre para la carga de memoria si se especificó el modificador /Qspectre
C:\Users\mxddx\Desktop\SIM\practica1\skeleton\Render\Render.cpp(334): warning C5045: C:\Users\mxddx\Desktop\SIM\practica1\skeleton\Render\Render.cpp(329) : nota: el intervalo "i" del índice se comprobó por comparación en esta línea
C:\Users\mxddx\Desktop\SIM\practica1\skeleton\Render\Render.cpp(334): warning C5045: C:\Users\mxddx\Desktop\SIM\practica1\skeleton\Render\Render.cpp(334) : nota: suministra la carga de memoria en esta línea
C:\Users\mxddx\Desktop\SIM\practica1\common\PhysX-3.4\PxShared\include\foundation\PxVec3.h(303): warning C5045:  El compilador insertará la mitigación de Spectre para la carga de memoria si se especificó el modificador /Qspectre
C:\Users\mxddx\Desktop\SIM\practica1\common\PhysX-3.4\PxShared\include\foundation\PxVec3.h(303): warning C5045: C:\Users\mxddx\Desktop\SIM\practica1\common\PhysX-3.4\PxShared\include\foundation\PxVec3.h(302) : nota: el intervalo "m" del índice se comprobó por comparación en esta línea
C:\Users\mxddx\Desktop\SIM\practica1\common\PhysX-3.4\PxShared\include\foundation\PxVec3.h(303): warning C5045: C:\Users\mxddx\Desktop\SIM\practica1\common\PhysX-3.4\PxShared\include\foundation\PxVec3.h(303) : nota: suministra la llamada en esta línea
C:\Program Files (x86)\Microsoft Visual Studio\2019\Community\VC\Tools\MSVC\14.22.27905\include\vector(1592): warning C5045:  El compilador insertará la mitigación de Spectre para la carga de memoria si se especificó el modificador /Qspectre
C:\Program Files (x86)\Microsoft Visual Studio\2019\Community\VC\Tools\MSVC\14.22.27905\include\vector(1592): warning C5045: C:\Program Files (x86)\Microsoft Visual Studio\2019\Community\VC\Tools\MSVC\14.22.27905\include\vector(1591) : nota: el intervalo "_Newsize" del índice se comprobó por comparación en esta línea
C:\Program Files (x86)\Microsoft Visual Studio\2019\Community\VC\Tools\MSVC\14.22.27905\include\vector(1592): warning C5045: C:\Program Files (x86)\Microsoft Visual Studio\2019\Community\VC\Tools\MSVC\14.22.27905\include\vector(1592) : nota: suministra la llamada en esta línea
C:\Program Files (x86)\Microsoft Visual Studio\2019\Community\VC\Tools\MSVC\14.22.27905\include\xmemory(173): warning C5045:  El compilador insertará la mitigación de Spectre para la carga de memoria si se especificó el modificador /Qspectre
C:\Program Files (x86)\Microsoft Visual Studio\2019\Community\VC\Tools\MSVC\14.22.27905\include\xmemory(173): warning C5045: C:\Program Files (x86)\Microsoft Visual Studio\2019\Community\VC\Tools\MSVC\14.22.27905\include\xmemory(172) : nota: el intervalo "_Bytes" del índice se comprobó por comparación en esta línea
C:\Program Files (x86)\Microsoft Visual Studio\2019\Community\VC\Tools\MSVC\14.22.27905\include\xmemory(173): warning C5045: C:\Program Files (x86)\Microsoft Visual Studio\2019\Community\VC\Tools\MSVC\14.22.27905\include\xmemory(173) : nota: suministra la llamada en esta línea
  game.vcxproj -> C:\Users\mxddx\Desktop\SIM\practica1\skeleton\../bin/practica1DEBUG.exe
