  Particle.cpp
  main.cpp
C:\Program Files (x86)\Microsoft Visual Studio\2019\Community\VC\Tools\MSVC\14.22.27905\include\xmemory(1373,1): warning C4626:  'std::_Basic_container_proxy_ptr12': el operador de asignaciones se definió implícitamente como eliminado (compilando archivo de origen main.cpp)
C:\Program Files (x86)\Microsoft Visual Studio\2019\Community\VC\Tools\MSVC\14.22.27905\include\xmemory(1373,1): warning C4626:  'std::_Basic_container_proxy_ptr12': el operador de asignaciones se definió implícitamente como eliminado (compilando archivo de origen Particle.cpp)
C:\Program Files (x86)\Microsoft Visual Studio\2019\Community\VC\Tools\MSVC\14.22.27905\include\xstring(2150,1): warning C4625:  'std::_String_val<std::_Simple_types<_Elem>>': el constructor de copia se definió implícitamente como eliminado
C:\Program Files (x86)\Microsoft Visual Studio\2019\Community\VC\Tools\MSVC\14.22.27905\include\xstring(2150,1): warning C4625:         with
C:\Program Files (x86)\Microsoft Visual Studio\2019\Community\VC\Tools\MSVC\14.22.27905\include\xstring(2150,1): warning C4625:         [
C:\Program Files (x86)\Microsoft Visual Studio\2019\Community\VC\Tools\MSVC\14.22.27905\include\xstring(2150,1): warning C4625:             _Elem=char
C:\Program Files (x86)\Microsoft Visual Studio\2019\Community\VC\Tools\MSVC\14.22.27905\include\xstring(2150,1): warning C4625:         ] (compilando archivo de origen main.cpp)
C:\Program Files (x86)\Microsoft Visual Studio\2019\Community\VC\Tools\MSVC\14.22.27905\include\xstring(2194): message :  vea la referencia a la creación de instancias de clase plantilla "std::_String_val<std::_Simple_types<_Elem>>" que se está compilando
C:\Program Files (x86)\Microsoft Visual Studio\2019\Community\VC\Tools\MSVC\14.22.27905\include\xstring(2194): message :         with
C:\Program Files (x86)\Microsoft Visual Studio\2019\Community\VC\Tools\MSVC\14.22.27905\include\xstring(2194): message :         [
C:\Program Files (x86)\Microsoft Visual Studio\2019\Community\VC\Tools\MSVC\14.22.27905\include\xstring(2194): message :             _Elem=char
C:\Program Files (x86)\Microsoft Visual Studio\2019\Community\VC\Tools\MSVC\14.22.27905\include\xstring(2194): message :         ] (compilando archivo de origen main.cpp)
C:\Program Files (x86)\Microsoft Visual Studio\2019\Community\VC\Tools\MSVC\14.22.27905\include\xstring(4423): message :  vea la referencia a la creación de instancias de clase plantilla "std::basic_string<char,std::char_traits<char>,std::allocator<char>>" que se está compilando (compilando archivo de origen main.cpp)
C:\Program Files (x86)\Microsoft Visual Studio\2019\Community\VC\Tools\MSVC\14.22.27905\include\xstring(2150,1): warning C5026:  'std::_String_val<std::_Simple_types<_Elem>>': el constructor de movimiento se definió implícitamente como eliminado
C:\Program Files (x86)\Microsoft Visual Studio\2019\Community\VC\Tools\MSVC\14.22.27905\include\xstring(2150,1): warning C5026:         with
C:\Program Files (x86)\Microsoft Visual Studio\2019\Community\VC\Tools\MSVC\14.22.27905\include\xstring(2150,1): warning C5026:         [
C:\Program Files (x86)\Microsoft Visual Studio\2019\Community\VC\Tools\MSVC\14.22.27905\include\xstring(2150,1): warning C5026:             _Elem=char
C:\Program Files (x86)\Microsoft Visual Studio\2019\Community\VC\Tools\MSVC\14.22.27905\include\xstring(2150,1): warning C5026:         ] (compilando archivo de origen main.cpp)
C:\Program Files (x86)\Microsoft Visual Studio\2019\Community\VC\Tools\MSVC\14.22.27905\include\xstring(2150,1): warning C4626:  'std::_String_val<std::_Simple_types<_Elem>>': el operador de asignaciones se definió implícitamente como eliminado
C:\Program Files (x86)\Microsoft Visual Studio\2019\Community\VC\Tools\MSVC\14.22.27905\include\xstring(2150,1): warning C4626:         with
C:\Program Files (x86)\Microsoft Visual Studio\2019\Community\VC\Tools\MSVC\14.22.27905\include\xstring(2150,1): warning C4626:         [
C:\Program Files (x86)\Microsoft Visual Studio\2019\Community\VC\Tools\MSVC\14.22.27905\include\xstring(2150,1): warning C4626:             _Elem=char
C:\Program Files (x86)\Microsoft Visual Studio\2019\Community\VC\Tools\MSVC\14.22.27905\include\xstring(2150,1): warning C4626:         ] (compilando archivo de origen main.cpp)
C:\Program Files (x86)\Microsoft Visual Studio\2019\Community\VC\Tools\MSVC\14.22.27905\include\xstring(2150,1): warning C5027:  'std::_String_val<std::_Simple_types<_Elem>>': el operador de asignaciones de movimiento se definió implícitamente como eliminado
C:\Program Files (x86)\Microsoft Visual Studio\2019\Community\VC\Tools\MSVC\14.22.27905\include\xstring(2150,1): warning C5027:         with
C:\Program Files (x86)\Microsoft Visual Studio\2019\Community\VC\Tools\MSVC\14.22.27905\include\xstring(2150,1): warning C5027:         [
C:\Program Files (x86)\Microsoft Visual Studio\2019\Community\VC\Tools\MSVC\14.22.27905\include\xstring(2150,1): warning C5027:             _Elem=char
C:\Program Files (x86)\Microsoft Visual Studio\2019\Community\VC\Tools\MSVC\14.22.27905\include\xstring(2150,1): warning C5027:         ] (compilando archivo de origen main.cpp)
C:\Program Files (x86)\Microsoft Visual Studio\2019\Community\VC\Tools\MSVC\14.22.27905\include\xmemory(1444,1): warning C4625:  'std::_Compressed_pair<std::allocator<char>,std::_String_val<std::_Simple_types<_Elem>>,true>': el constructor de copia se definió implícitamente como eliminado
C:\Program Files (x86)\Microsoft Visual Studio\2019\Community\VC\Tools\MSVC\14.22.27905\include\xmemory(1444,1): warning C4625:         with
C:\Program Files (x86)\Microsoft Visual Studio\2019\Community\VC\Tools\MSVC\14.22.27905\include\xmemory(1444,1): warning C4625:         [
C:\Program Files (x86)\Microsoft Visual Studio\2019\Community\VC\Tools\MSVC\14.22.27905\include\xmemory(1444,1): warning C4625:             _Elem=char
C:\Program Files (x86)\Microsoft Visual Studio\2019\Community\VC\Tools\MSVC\14.22.27905\include\xmemory(1444,1): warning C4625:         ] (compilando archivo de origen main.cpp)
C:\Program Files (x86)\Microsoft Visual Studio\2019\Community\VC\Tools\MSVC\14.22.27905\include\xstring(4104): message :  vea la referencia a la creación de instancias de clase plantilla "std::_Compressed_pair<std::allocator<char>,std::_String_val<std::_Simple_types<_Elem>>,true>" que se está compilando
C:\Program Files (x86)\Microsoft Visual Studio\2019\Community\VC\Tools\MSVC\14.22.27905\include\xstring(4104): message :         with
C:\Program Files (x86)\Microsoft Visual Studio\2019\Community\VC\Tools\MSVC\14.22.27905\include\xstring(4104): message :         [
C:\Program Files (x86)\Microsoft Visual Studio\2019\Community\VC\Tools\MSVC\14.22.27905\include\xstring(4104): message :             _Elem=char
C:\Program Files (x86)\Microsoft Visual Studio\2019\Community\VC\Tools\MSVC\14.22.27905\include\xstring(4104): message :         ] (compilando archivo de origen main.cpp)
C:\Program Files (x86)\Microsoft Visual Studio\2019\Community\VC\Tools\MSVC\14.22.27905\include\xmemory(1444,1): warning C5026:  'std::_Compressed_pair<std::allocator<char>,std::_String_val<std::_Simple_types<_Elem>>,true>': el constructor de movimiento se definió implícitamente como eliminado
C:\Program Files (x86)\Microsoft Visual Studio\2019\Community\VC\Tools\MSVC\14.22.27905\include\xmemory(1444,1): warning C5026:         with
C:\Program Files (x86)\Microsoft Visual Studio\2019\Community\VC\Tools\MSVC\14.22.27905\include\xmemory(1444,1): warning C5026:         [
C:\Program Files (x86)\Microsoft Visual Studio\2019\Community\VC\Tools\MSVC\14.22.27905\include\xmemory(1444,1): warning C5026:             _Elem=char
C:\Program Files (x86)\Microsoft Visual Studio\2019\Community\VC\Tools\MSVC\14.22.27905\include\xmemory(1444,1): warning C5026:         ] (compilando archivo de origen main.cpp)
C:\Program Files (x86)\Microsoft Visual Studio\2019\Community\VC\Tools\MSVC\14.22.27905\include\xmemory(1444,1): warning C4626:  'std::_Compressed_pair<std::allocator<char>,std::_String_val<std::_Simple_types<_Elem>>,true>': el operador de asignaciones se definió implícitamente como eliminado
C:\Program Files (x86)\Microsoft Visual Studio\2019\Community\VC\Tools\MSVC\14.22.27905\include\xmemory(1444,1): warning C4626:         with
C:\Program Files (x86)\Microsoft Visual Studio\2019\Community\VC\Tools\MSVC\14.22.27905\include\xmemory(1444,1): warning C4626:         [
C:\Program Files (x86)\Microsoft Visual Studio\2019\Community\VC\Tools\MSVC\14.22.27905\include\xmemory(1444,1): warning C4626:             _Elem=char
C:\Program Files (x86)\Microsoft Visual Studio\2019\Community\VC\Tools\MSVC\14.22.27905\include\xmemory(1444,1): warning C4626:         ] (compilando archivo de origen main.cpp)
C:\Program Files (x86)\Microsoft Visual Studio\2019\Community\VC\Tools\MSVC\14.22.27905\include\xmemory(1444,1): warning C5027:  'std::_Compressed_pair<std::allocator<char>,std::_String_val<std::_Simple_types<_Elem>>,true>': el operador de asignaciones de movimiento se definió implícitamente como eliminado
C:\Program Files (x86)\Microsoft Visual Studio\2019\Community\VC\Tools\MSVC\14.22.27905\include\xmemory(1444,1): warning C5027:         with
C:\Program Files (x86)\Microsoft Visual Studio\2019\Community\VC\Tools\MSVC\14.22.27905\include\xmemory(1444,1): warning C5027:         [
C:\Program Files (x86)\Microsoft Visual Studio\2019\Community\VC\Tools\MSVC\14.22.27905\include\xmemory(1444,1): warning C5027:             _Elem=char
C:\Program Files (x86)\Microsoft Visual Studio\2019\Community\VC\Tools\MSVC\14.22.27905\include\xmemory(1444,1): warning C5027:         ] (compilando archivo de origen main.cpp)
C:\Program Files (x86)\Microsoft Visual Studio\2019\Community\VC\Tools\MSVC\14.22.27905\include\xstring(2150,1): warning C4625:  'std::_String_val<std::_Simple_types<_Elem>>': el constructor de copia se definió implícitamente como eliminado
C:\Program Files (x86)\Microsoft Visual Studio\2019\Community\VC\Tools\MSVC\14.22.27905\include\xstring(2150,1): warning C4625:         with
C:\Program Files (x86)\Microsoft Visual Studio\2019\Community\VC\Tools\MSVC\14.22.27905\include\xstring(2150,1): warning C4625:         [
C:\Program Files (x86)\Microsoft Visual Studio\2019\Community\VC\Tools\MSVC\14.22.27905\include\xstring(2150,1): warning C4625:             _Elem=wchar_t
C:\Program Files (x86)\Microsoft Visual Studio\2019\Community\VC\Tools\MSVC\14.22.27905\include\xstring(2150,1): warning C4625:         ] (compilando archivo de origen main.cpp)
C:\Program Files (x86)\Microsoft Visual Studio\2019\Community\VC\Tools\MSVC\14.22.27905\include\xstring(2194): message :  vea la referencia a la creación de instancias de clase plantilla "std::_String_val<std::_Simple_types<_Elem>>" que se está compilando
C:\Program Files (x86)\Microsoft Visual Studio\2019\Community\VC\Tools\MSVC\14.22.27905\include\xstring(2194): message :         with
C:\Program Files (x86)\Microsoft Visual Studio\2019\Community\VC\Tools\MSVC\14.22.27905\include\xstring(2194): message :         [
C:\Program Files (x86)\Microsoft Visual Studio\2019\Community\VC\Tools\MSVC\14.22.27905\include\xstring(2194): message :             _Elem=wchar_t
C:\Program Files (x86)\Microsoft Visual Studio\2019\Community\VC\Tools\MSVC\14.22.27905\include\xstring(2194): message :         ] (compilando archivo de origen main.cpp)
C:\Program Files (x86)\Microsoft Visual Studio\2019\Community\VC\Tools\MSVC\14.22.27905\include\xstring(4428): message :  vea la referencia a la creación de instancias de clase plantilla "std::basic_string<wchar_t,std::char_traits<wchar_t>,std::allocator<wchar_t>>" que se está compilando (compilando archivo de origen main.cpp)
C:\Program Files (x86)\Microsoft Visual Studio\2019\Community\VC\Tools\MSVC\14.22.27905\include\xstring(2150,1): warning C5026:  'std::_String_val<std::_Simple_types<_Elem>>': el constructor de movimiento se definió implícitamente como eliminado
C:\Program Files (x86)\Microsoft Visual Studio\2019\Community\VC\Tools\MSVC\14.22.27905\include\xstring(2150,1): warning C5026:         with
C:\Program Files (x86)\Microsoft Visual Studio\2019\Community\VC\Tools\MSVC\14.22.27905\include\xstring(2150,1): warning C5026:         [
C:\Program Files (x86)\Microsoft Visual Studio\2019\Community\VC\Tools\MSVC\14.22.27905\include\xstring(2150,1): warning C5026:             _Elem=wchar_t
C:\Program Files (x86)\Microsoft Visual Studio\2019\Community\VC\Tools\MSVC\14.22.27905\include\xstring(2150,1): warning C5026:         ] (compilando archivo de origen main.cpp)
C:\Program Files (x86)\Microsoft Visual Studio\2019\Community\VC\Tools\MSVC\14.22.27905\include\xstring(2150,1): warning C4626:  'std::_String_val<std::_Simple_types<_Elem>>': el operador de asignaciones se definió implícitamente como eliminado
C:\Program Files (x86)\Microsoft Visual Studio\2019\Community\VC\Tools\MSVC\14.22.27905\include\xstring(2150,1): warning C4626:         with
C:\Program Files (x86)\Microsoft Visual Studio\2019\Community\VC\Tools\MSVC\14.22.27905\include\xstring(2150,1): warning C4626:         [
C:\Program Files (x86)\Microsoft Visual Studio\2019\Community\VC\Tools\MSVC\14.22.27905\include\xstring(2150,1): warning C4626:             _Elem=wchar_t
C:\Program Files (x86)\Microsoft Visual Studio\2019\Community\VC\Tools\MSVC\14.22.27905\include\xstring(2150,1): warning C4626:         ] (compilando archivo de origen main.cpp)
C:\Program Files (x86)\Microsoft Visual Studio\2019\Community\VC\Tools\MSVC\14.22.27905\include\xstring(2150,1): warning C5027:  'std::_String_val<std::_Simple_types<_Elem>>': el operador de asignaciones de movimiento se definió implícitamente como eliminado
C:\Program Files (x86)\Microsoft Visual Studio\2019\Community\VC\Tools\MSVC\14.22.27905\include\xstring(2150,1): warning C5027:         with
C:\Program Files (x86)\Microsoft Visual Studio\2019\Community\VC\Tools\MSVC\14.22.27905\include\xstring(2150,1): warning C5027:         [
C:\Program Files (x86)\Microsoft Visual Studio\2019\Community\VC\Tools\MSVC\14.22.27905\include\xstring(2150,1): warning C5027:             _Elem=wchar_t
C:\Program Files (x86)\Microsoft Visual Studio\2019\Community\VC\Tools\MSVC\14.22.27905\include\xstring(2150,1): warning C5027:         ] (compilando archivo de origen main.cpp)
C:\Program Files (x86)\Microsoft Visual Studio\2019\Community\VC\Tools\MSVC\14.22.27905\include\xmemory(1444,1): warning C4625:  'std::_Compressed_pair<std::allocator<wchar_t>,std::_String_val<std::_Simple_types<_Elem>>,true>': el constructor de copia se definió implícitamente como eliminado
C:\Program Files (x86)\Microsoft Visual Studio\2019\Community\VC\Tools\MSVC\14.22.27905\include\xmemory(1444,1): warning C4625:         with
C:\Program Files (x86)\Microsoft Visual Studio\2019\Community\VC\Tools\MSVC\14.22.27905\include\xmemory(1444,1): warning C4625:         [
C:\Program Files (x86)\Microsoft Visual Studio\2019\Community\VC\Tools\MSVC\14.22.27905\include\xmemory(1444,1): warning C4625:             _Elem=wchar_t
C:\Program Files (x86)\Microsoft Visual Studio\2019\Community\VC\Tools\MSVC\14.22.27905\include\xmemory(1444,1): warning C4625:         ] (compilando archivo de origen main.cpp)
C:\Program Files (x86)\Microsoft Visual Studio\2019\Community\VC\Tools\MSVC\14.22.27905\include\xstring(4104): message :  vea la referencia a la creación de instancias de clase plantilla "std::_Compressed_pair<std::allocator<wchar_t>,std::_String_val<std::_Simple_types<_Elem>>,true>" que se está compilando
C:\Program Files (x86)\Microsoft Visual Studio\2019\Community\VC\Tools\MSVC\14.22.27905\include\xstring(4104): message :         with
C:\Program Files (x86)\Microsoft Visual Studio\2019\Community\VC\Tools\MSVC\14.22.27905\include\xstring(4104): message :         [
C:\Program Files (x86)\Microsoft Visual Studio\2019\Community\VC\Tools\MSVC\14.22.27905\include\xstring(4104): message :             _Elem=wchar_t
C:\Program Files (x86)\Microsoft Visual Studio\2019\Community\VC\Tools\MSVC\14.22.27905\include\xstring(4104): message :         ] (compilando archivo de origen main.cpp)
C:\Program Files (x86)\Microsoft Visual Studio\2019\Community\VC\Tools\MSVC\14.22.27905\include\xmemory(1444,1): warning C5026:  'std::_Compressed_pair<std::allocator<wchar_t>,std::_String_val<std::_Simple_types<_Elem>>,true>': el constructor de movimiento se definió implícitamente como eliminado
C:\Program Files (x86)\Microsoft Visual Studio\2019\Community\VC\Tools\MSVC\14.22.27905\include\xmemory(1444,1): warning C5026:         with
C:\Program Files (x86)\Microsoft Visual Studio\2019\Community\VC\Tools\MSVC\14.22.27905\include\xmemory(1444,1): warning C5026:         [
C:\Program Files (x86)\Microsoft Visual Studio\2019\Community\VC\Tools\MSVC\14.22.27905\include\xmemory(1444,1): warning C5026:             _Elem=wchar_t
C:\Program Files (x86)\Microsoft Visual Studio\2019\Community\VC\Tools\MSVC\14.22.27905\include\xmemory(1444,1): warning C5026:         ] (compilando archivo de origen main.cpp)
C:\Program Files (x86)\Microsoft Visual Studio\2019\Community\VC\Tools\MSVC\14.22.27905\include\xmemory(1444,1): warning C4626:  'std::_Compressed_pair<std::allocator<wchar_t>,std::_String_val<std::_Simple_types<_Elem>>,true>': el operador de asignaciones se definió implícitamente como eliminado
C:\Program Files (x86)\Microsoft Visual Studio\2019\Community\VC\Tools\MSVC\14.22.27905\include\xmemory(1444,1): warning C4626:         with
C:\Program Files (x86)\Microsoft Visual Studio\2019\Community\VC\Tools\MSVC\14.22.27905\include\xmemory(1444,1): warning C4626:         [
C:\Program Files (x86)\Microsoft Visual Studio\2019\Community\VC\Tools\MSVC\14.22.27905\include\xmemory(1444,1): warning C4626:             _Elem=wchar_t
C:\Program Files (x86)\Microsoft Visual Studio\2019\Community\VC\Tools\MSVC\14.22.27905\include\xmemory(1444,1): warning C4626:         ] (compilando archivo de origen main.cpp)
C:\Program Files (x86)\Microsoft Visual Studio\2019\Community\VC\Tools\MSVC\14.22.27905\include\xmemory(1444,1): warning C5027:  'std::_Compressed_pair<std::allocator<wchar_t>,std::_String_val<std::_Simple_types<_Elem>>,true>': el operador de asignaciones de movimiento se definió implícitamente como eliminado
C:\Program Files (x86)\Microsoft Visual Studio\2019\Community\VC\Tools\MSVC\14.22.27905\include\xmemory(1444,1): warning C5027:         with
C:\Program Files (x86)\Microsoft Visual Studio\2019\Community\VC\Tools\MSVC\14.22.27905\include\xmemory(1444,1): warning C5027:         [
C:\Program Files (x86)\Microsoft Visual Studio\2019\Community\VC\Tools\MSVC\14.22.27905\include\xmemory(1444,1): warning C5027:             _Elem=wchar_t
C:\Program Files (x86)\Microsoft Visual Studio\2019\Community\VC\Tools\MSVC\14.22.27905\include\xmemory(1444,1): warning C5027:         ] (compilando archivo de origen main.cpp)
C:\Program Files (x86)\Microsoft Visual Studio\2019\Community\VC\Tools\MSVC\14.22.27905\include\xstring(2150,1): warning C4625:  'std::_String_val<std::_Simple_types<_Elem>>': el constructor de copia se definió implícitamente como eliminado
C:\Program Files (x86)\Microsoft Visual Studio\2019\Community\VC\Tools\MSVC\14.22.27905\include\xstring(2150,1): warning C4625:         with
C:\Program Files (x86)\Microsoft Visual Studio\2019\Community\VC\Tools\MSVC\14.22.27905\include\xstring(2150,1): warning C4625:         [
C:\Program Files (x86)\Microsoft Visual Studio\2019\Community\VC\Tools\MSVC\14.22.27905\include\xstring(2150,1): warning C4625:             _Elem=char16_t
C:\Program Files (x86)\Microsoft Visual Studio\2019\Community\VC\Tools\MSVC\14.22.27905\include\xstring(2150,1): warning C4625:         ] (compilando archivo de origen main.cpp)
C:\Program Files (x86)\Microsoft Visual Studio\2019\Community\VC\Tools\MSVC\14.22.27905\include\xstring(2194): message :  vea la referencia a la creación de instancias de clase plantilla "std::_String_val<std::_Simple_types<_Elem>>" que se está compilando
C:\Program Files (x86)\Microsoft Visual Studio\2019\Community\VC\Tools\MSVC\14.22.27905\include\xstring(2194): message :         with
C:\Program Files (x86)\Microsoft Visual Studio\2019\Community\VC\Tools\MSVC\14.22.27905\include\xstring(2194): message :         [
C:\Program Files (x86)\Microsoft Visual Studio\2019\Community\VC\Tools\MSVC\14.22.27905\include\xstring(2194): message :             _Elem=char16_t
C:\Program Files (x86)\Microsoft Visual Studio\2019\Community\VC\Tools\MSVC\14.22.27905\include\xstring(2194): message :         ] (compilando archivo de origen main.cpp)
C:\Program Files (x86)\Microsoft Visual Studio\2019\Community\VC\Tools\MSVC\14.22.27905\include\xstring(4441): message :  vea la referencia a la creación de instancias de clase plantilla "std::basic_string<char16_t,std::char_traits<char16_t>,std::allocator<char16_t>>" que se está compilando (compilando archivo de origen main.cpp)
C:\Program Files (x86)\Microsoft Visual Studio\2019\Community\VC\Tools\MSVC\14.22.27905\include\xstring(2150,1): warning C5026:  'std::_String_val<std::_Simple_types<_Elem>>': el constructor de movimiento se definió implícitamente como eliminado
C:\Program Files (x86)\Microsoft Visual Studio\2019\Community\VC\Tools\MSVC\14.22.27905\include\xstring(2150,1): warning C5026:         with
C:\Program Files (x86)\Microsoft Visual Studio\2019\Community\VC\Tools\MSVC\14.22.27905\include\xstring(2150,1): warning C5026:         [
C:\Program Files (x86)\Microsoft Visual Studio\2019\Community\VC\Tools\MSVC\14.22.27905\include\xstring(2150,1): warning C5026:             _Elem=char16_t
C:\Program Files (x86)\Microsoft Visual Studio\2019\Community\VC\Tools\MSVC\14.22.27905\include\xstring(2150,1): warning C5026:         ] (compilando archivo de origen main.cpp)
C:\Program Files (x86)\Microsoft Visual Studio\2019\Community\VC\Tools\MSVC\14.22.27905\include\xstring(2150,1): warning C4626:  'std::_String_val<std::_Simple_types<_Elem>>': el operador de asignaciones se definió implícitamente como eliminado
C:\Program Files (x86)\Microsoft Visual Studio\2019\Community\VC\Tools\MSVC\14.22.27905\include\xstring(2150,1): warning C4626:         with
C:\Program Files (x86)\Microsoft Visual Studio\2019\Community\VC\Tools\MSVC\14.22.27905\include\xstring(2150,1): warning C4626:         [
C:\Program Files (x86)\Microsoft Visual Studio\2019\Community\VC\Tools\MSVC\14.22.27905\include\xstring(2150,1): warning C4626:             _Elem=char16_t
C:\Program Files (x86)\Microsoft Visual Studio\2019\Community\VC\Tools\MSVC\14.22.27905\include\xstring(2150,1): warning C4626:         ] (compilando archivo de origen main.cpp)
C:\Program Files (x86)\Microsoft Visual Studio\2019\Community\VC\Tools\MSVC\14.22.27905\include\xstring(2150,1): warning C5027:  'std::_String_val<std::_Simple_types<_Elem>>': el operador de asignaciones de movimiento se definió implícitamente como eliminado
C:\Program Files (x86)\Microsoft Visual Studio\2019\Community\VC\Tools\MSVC\14.22.27905\include\xstring(2150,1): warning C5027:         with
C:\Program Files (x86)\Microsoft Visual Studio\2019\Community\VC\Tools\MSVC\14.22.27905\include\xstring(2150,1): warning C5027:         [
C:\Program Files (x86)\Microsoft Visual Studio\2019\Community\VC\Tools\MSVC\14.22.27905\include\xstring(2150,1): warning C5027:             _Elem=char16_t
C:\Program Files (x86)\Microsoft Visual Studio\2019\Community\VC\Tools\MSVC\14.22.27905\include\xstring(2150,1): warning C5027:         ] (compilando archivo de origen main.cpp)
C:\Program Files (x86)\Microsoft Visual Studio\2019\Community\VC\Tools\MSVC\14.22.27905\include\xmemory(1444,1): warning C4625:  'std::_Compressed_pair<std::allocator<char16_t>,std::_String_val<std::_Simple_types<_Elem>>,true>': el constructor de copia se definió implícitamente como eliminado
C:\Program Files (x86)\Microsoft Visual Studio\2019\Community\VC\Tools\MSVC\14.22.27905\include\xmemory(1444,1): warning C4625:         with
C:\Program Files (x86)\Microsoft Visual Studio\2019\Community\VC\Tools\MSVC\14.22.27905\include\xmemory(1444,1): warning C4625:         [
C:\Program Files (x86)\Microsoft Visual Studio\2019\Community\VC\Tools\MSVC\14.22.27905\include\xmemory(1444,1): warning C4625:             _Elem=char16_t
C:\Program Files (x86)\Microsoft Visual Studio\2019\Community\VC\Tools\MSVC\14.22.27905\include\xmemory(1444,1): warning C4625:         ] (compilando archivo de origen main.cpp)
C:\Program Files (x86)\Microsoft Visual Studio\2019\Community\VC\Tools\MSVC\14.22.27905\include\xstring(4104): message :  vea la referencia a la creación de instancias de clase plantilla "std::_Compressed_pair<std::allocator<char16_t>,std::_String_val<std::_Simple_types<_Elem>>,true>" que se está compilando
C:\Program Files (x86)\Microsoft Visual Studio\2019\Community\VC\Tools\MSVC\14.22.27905\include\xstring(4104): message :         with
C:\Program Files (x86)\Microsoft Visual Studio\2019\Community\VC\Tools\MSVC\14.22.27905\include\xstring(4104): message :         [
C:\Program Files (x86)\Microsoft Visual Studio\2019\Community\VC\Tools\MSVC\14.22.27905\include\xstring(4104): message :             _Elem=char16_t
C:\Program Files (x86)\Microsoft Visual Studio\2019\Community\VC\Tools\MSVC\14.22.27905\include\xstring(4104): message :         ] (compilando archivo de origen main.cpp)
C:\Program Files (x86)\Microsoft Visual Studio\2019\Community\VC\Tools\MSVC\14.22.27905\include\xmemory(1444,1): warning C5026:  'std::_Compressed_pair<std::allocator<char16_t>,std::_String_val<std::_Simple_types<_Elem>>,true>': el constructor de movimiento se definió implícitamente como eliminado
C:\Program Files (x86)\Microsoft Visual Studio\2019\Community\VC\Tools\MSVC\14.22.27905\include\xmemory(1444,1): warning C5026:         with
C:\Program Files (x86)\Microsoft Visual Studio\2019\Community\VC\Tools\MSVC\14.22.27905\include\xmemory(1444,1): warning C5026:         [
C:\Program Files (x86)\Microsoft Visual Studio\2019\Community\VC\Tools\MSVC\14.22.27905\include\xmemory(1444,1): warning C5026:             _Elem=char16_t
C:\Program Files (x86)\Microsoft Visual Studio\2019\Community\VC\Tools\MSVC\14.22.27905\include\xmemory(1444,1): warning C5026:         ] (compilando archivo de origen main.cpp)
C:\Program Files (x86)\Microsoft Visual Studio\2019\Community\VC\Tools\MSVC\14.22.27905\include\xmemory(1444,1): warning C4626:  'std::_Compressed_pair<std::allocator<char16_t>,std::_String_val<std::_Simple_types<_Elem>>,true>': el operador de asignaciones se definió implícitamente como eliminado
C:\Program Files (x86)\Microsoft Visual Studio\2019\Community\VC\Tools\MSVC\14.22.27905\include\xmemory(1444,1): warning C4626:         with
C:\Program Files (x86)\Microsoft Visual Studio\2019\Community\VC\Tools\MSVC\14.22.27905\include\xmemory(1444,1): warning C4626:         [
C:\Program Files (x86)\Microsoft Visual Studio\2019\Community\VC\Tools\MSVC\14.22.27905\include\xmemory(1444,1): warning C4626:             _Elem=char16_t
C:\Program Files (x86)\Microsoft Visual Studio\2019\Community\VC\Tools\MSVC\14.22.27905\include\xmemory(1444,1): warning C4626:         ] (compilando archivo de origen main.cpp)
C:\Program Files (x86)\Microsoft Visual Studio\2019\Community\VC\Tools\MSVC\14.22.27905\include\xmemory(1444,1): warning C5027:  'std::_Compressed_pair<std::allocator<char16_t>,std::_String_val<std::_Simple_types<_Elem>>,true>': el operador de asignaciones de movimiento se definió implícitamente como eliminado
C:\Program Files (x86)\Microsoft Visual Studio\2019\Community\VC\Tools\MSVC\14.22.27905\include\xmemory(1444,1): warning C5027:         with
C:\Program Files (x86)\Microsoft Visual Studio\2019\Community\VC\Tools\MSVC\14.22.27905\include\xmemory(1444,1): warning C5027:         [
C:\Program Files (x86)\Microsoft Visual Studio\2019\Community\VC\Tools\MSVC\14.22.27905\include\xmemory(1444,1): warning C5027:             _Elem=char16_t
C:\Program Files (x86)\Microsoft Visual Studio\2019\Community\VC\Tools\MSVC\14.22.27905\include\xmemory(1444,1): warning C5027:         ] (compilando archivo de origen main.cpp)
C:\Program Files (x86)\Microsoft Visual Studio\2019\Community\VC\Tools\MSVC\14.22.27905\include\xstring(2150,1): warning C4625:  'std::_String_val<std::_Simple_types<_Elem>>': el constructor de copia se definió implícitamente como eliminado
C:\Program Files (x86)\Microsoft Visual Studio\2019\Community\VC\Tools\MSVC\14.22.27905\include\xstring(2150,1): warning C4625:         with
C:\Program Files (x86)\Microsoft Visual Studio\2019\Community\VC\Tools\MSVC\14.22.27905\include\xstring(2150,1): warning C4625:         [
C:\Program Files (x86)\Microsoft Visual Studio\2019\Community\VC\Tools\MSVC\14.22.27905\include\xstring(2150,1): warning C4625:             _Elem=char32_t
C:\Program Files (x86)\Microsoft Visual Studio\2019\Community\VC\Tools\MSVC\14.22.27905\include\xstring(2150,1): warning C4625:         ] (compilando archivo de origen main.cpp)
C:\Program Files (x86)\Microsoft Visual Studio\2019\Community\VC\Tools\MSVC\14.22.27905\include\xstring(2194): message :  vea la referencia a la creación de instancias de clase plantilla "std::_String_val<std::_Simple_types<_Elem>>" que se está compilando
C:\Program Files (x86)\Microsoft Visual Studio\2019\Community\VC\Tools\MSVC\14.22.27905\include\xstring(2194): message :         with
C:\Program Files (x86)\Microsoft Visual Studio\2019\Community\VC\Tools\MSVC\14.22.27905\include\xstring(2194): message :         [
C:\Program Files (x86)\Microsoft Visual Studio\2019\Community\VC\Tools\MSVC\14.22.27905\include\xstring(2194): message :             _Elem=char32_t
C:\Program Files (x86)\Microsoft Visual Studio\2019\Community\VC\Tools\MSVC\14.22.27905\include\xstring(2194): message :         ] (compilando archivo de origen main.cpp)
C:\Program Files (x86)\Microsoft Visual Studio\2019\Community\VC\Tools\MSVC\14.22.27905\include\xstring(4445): message :  vea la referencia a la creación de instancias de clase plantilla "std::basic_string<char32_t,std::char_traits<char32_t>,std::allocator<char32_t>>" que se está compilando (compilando archivo de origen main.cpp)
C:\Program Files (x86)\Microsoft Visual Studio\2019\Community\VC\Tools\MSVC\14.22.27905\include\xstring(2150,1): warning C5026:  'std::_String_val<std::_Simple_types<_Elem>>': el constructor de movimiento se definió implícitamente como eliminado
C:\Program Files (x86)\Microsoft Visual Studio\2019\Community\VC\Tools\MSVC\14.22.27905\include\xstring(2150,1): warning C5026:         with
C:\Program Files (x86)\Microsoft Visual Studio\2019\Community\VC\Tools\MSVC\14.22.27905\include\xstring(2150,1): warning C5026:         [
C:\Program Files (x86)\Microsoft Visual Studio\2019\Community\VC\Tools\MSVC\14.22.27905\include\xstring(2150,1): warning C5026:             _Elem=char32_t
C:\Program Files (x86)\Microsoft Visual Studio\2019\Community\VC\Tools\MSVC\14.22.27905\include\xstring(2150,1): warning C5026:         ] (compilando archivo de origen main.cpp)
C:\Program Files (x86)\Microsoft Visual Studio\2019\Community\VC\Tools\MSVC\14.22.27905\include\xstring(2150,1): warning C4626:  'std::_String_val<std::_Simple_types<_Elem>>': el operador de asignaciones se definió implícitamente como eliminado
C:\Program Files (x86)\Microsoft Visual Studio\2019\Community\VC\Tools\MSVC\14.22.27905\include\xstring(2150,1): warning C4626:         with
C:\Program Files (x86)\Microsoft Visual Studio\2019\Community\VC\Tools\MSVC\14.22.27905\include\xstring(2150,1): warning C4626:         [
C:\Program Files (x86)\Microsoft Visual Studio\2019\Community\VC\Tools\MSVC\14.22.27905\include\xstring(2150,1): warning C4626:             _Elem=char32_t
C:\Program Files (x86)\Microsoft Visual Studio\2019\Community\VC\Tools\MSVC\14.22.27905\include\xstring(2150,1): warning C4626:         ] (compilando archivo de origen main.cpp)
C:\Program Files (x86)\Microsoft Visual Studio\2019\Community\VC\Tools\MSVC\14.22.27905\include\xstring(2150,1): warning C5027:  'std::_String_val<std::_Simple_types<_Elem>>': el operador de asignaciones de movimiento se definió implícitamente como eliminado
C:\Program Files (x86)\Microsoft Visual Studio\2019\Community\VC\Tools\MSVC\14.22.27905\include\xstring(2150,1): warning C5027:         with
C:\Program Files (x86)\Microsoft Visual Studio\2019\Community\VC\Tools\MSVC\14.22.27905\include\xstring(2150,1): warning C5027:         [
C:\Program Files (x86)\Microsoft Visual Studio\2019\Community\VC\Tools\MSVC\14.22.27905\include\xstring(2150,1): warning C5027:             _Elem=char32_t
C:\Program Files (x86)\Microsoft Visual Studio\2019\Community\VC\Tools\MSVC\14.22.27905\include\xstring(2150,1): warning C5027:         ] (compilando archivo de origen main.cpp)
C:\Program Files (x86)\Microsoft Visual Studio\2019\Community\VC\Tools\MSVC\14.22.27905\include\xmemory(1444,1): warning C4625:  'std::_Compressed_pair<std::allocator<char32_t>,std::_String_val<std::_Simple_types<_Elem>>,true>': el constructor de copia se definió implícitamente como eliminado
C:\Program Files (x86)\Microsoft Visual Studio\2019\Community\VC\Tools\MSVC\14.22.27905\include\xmemory(1444,1): warning C4625:         with
C:\Program Files (x86)\Microsoft Visual Studio\2019\Community\VC\Tools\MSVC\14.22.27905\include\xmemory(1444,1): warning C4625:         [
C:\Program Files (x86)\Microsoft Visual Studio\2019\Community\VC\Tools\MSVC\14.22.27905\include\xmemory(1444,1): warning C4625:             _Elem=char32_t
C:\Program Files (x86)\Microsoft Visual Studio\2019\Community\VC\Tools\MSVC\14.22.27905\include\xmemory(1444,1): warning C4625:         ] (compilando archivo de origen main.cpp)
C:\Program Files (x86)\Microsoft Visual Studio\2019\Community\VC\Tools\MSVC\14.22.27905\include\xstring(4104): message :  vea la referencia a la creación de instancias de clase plantilla "std::_Compressed_pair<std::allocator<char32_t>,std::_String_val<std::_Simple_types<_Elem>>,true>" que se está compilando
C:\Program Files (x86)\Microsoft Visual Studio\2019\Community\VC\Tools\MSVC\14.22.27905\include\xstring(4104): message :         with
C:\Program Files (x86)\Microsoft Visual Studio\2019\Community\VC\Tools\MSVC\14.22.27905\include\xstring(4104): message :         [
C:\Program Files (x86)\Microsoft Visual Studio\2019\Community\VC\Tools\MSVC\14.22.27905\include\xstring(4104): message :             _Elem=char32_t
C:\Program Files (x86)\Microsoft Visual Studio\2019\Community\VC\Tools\MSVC\14.22.27905\include\xstring(4104): message :         ] (compilando archivo de origen main.cpp)
C:\Program Files (x86)\Microsoft Visual Studio\2019\Community\VC\Tools\MSVC\14.22.27905\include\xmemory(1444,1): warning C5026:  'std::_Compressed_pair<std::allocator<char32_t>,std::_String_val<std::_Simple_types<_Elem>>,true>': el constructor de movimiento se definió implícitamente como eliminado
C:\Program Files (x86)\Microsoft Visual Studio\2019\Community\VC\Tools\MSVC\14.22.27905\include\xmemory(1444,1): warning C5026:         with
C:\Program Files (x86)\Microsoft Visual Studio\2019\Community\VC\Tools\MSVC\14.22.27905\include\xmemory(1444,1): warning C5026:         [
C:\Program Files (x86)\Microsoft Visual Studio\2019\Community\VC\Tools\MSVC\14.22.27905\include\xmemory(1444,1): warning C5026:             _Elem=char32_t
C:\Program Files (x86)\Microsoft Visual Studio\2019\Community\VC\Tools\MSVC\14.22.27905\include\xmemory(1444,1): warning C5026:         ] (compilando archivo de origen main.cpp)
C:\Program Files (x86)\Microsoft Visual Studio\2019\Community\VC\Tools\MSVC\14.22.27905\include\xmemory(1444,1): warning C4626:  'std::_Compressed_pair<std::allocator<char32_t>,std::_String_val<std::_Simple_types<_Elem>>,true>': el operador de asignaciones se definió implícitamente como eliminado
C:\Program Files (x86)\Microsoft Visual Studio\2019\Community\VC\Tools\MSVC\14.22.27905\include\xmemory(1444,1): warning C4626:         with
C:\Program Files (x86)\Microsoft Visual Studio\2019\Community\VC\Tools\MSVC\14.22.27905\include\xmemory(1444,1): warning C4626:         [
C:\Program Files (x86)\Microsoft Visual Studio\2019\Community\VC\Tools\MSVC\14.22.27905\include\xmemory(1444,1): warning C4626:             _Elem=char32_t
C:\Program Files (x86)\Microsoft Visual Studio\2019\Community\VC\Tools\MSVC\14.22.27905\include\xmemory(1444,1): warning C4626:         ] (compilando archivo de origen main.cpp)
C:\Program Files (x86)\Microsoft Visual Studio\2019\Community\VC\Tools\MSVC\14.22.27905\include\xmemory(1444,1): warning C5027:  'std::_Compressed_pair<std::allocator<char32_t>,std::_String_val<std::_Simple_types<_Elem>>,true>': el operador de asignaciones de movimiento se definió implícitamente como eliminado
C:\Program Files (x86)\Microsoft Visual Studio\2019\Community\VC\Tools\MSVC\14.22.27905\include\xmemory(1444,1): warning C5027:         with
C:\Program Files (x86)\Microsoft Visual Studio\2019\Community\VC\Tools\MSVC\14.22.27905\include\xmemory(1444,1): warning C5027:         [
C:\Program Files (x86)\Microsoft Visual Studio\2019\Community\VC\Tools\MSVC\14.22.27905\include\xmemory(1444,1): warning C5027:             _Elem=char32_t
C:\Program Files (x86)\Microsoft Visual Studio\2019\Community\VC\Tools\MSVC\14.22.27905\include\xmemory(1444,1): warning C5027:         ] (compilando archivo de origen main.cpp)
C:\Program Files (x86)\Microsoft Visual Studio\2019\Community\VC\Tools\MSVC\14.22.27905\include\system_error(414,1): warning C4625:  'std::_Generic_error_category': el constructor de copia se definió implícitamente como eliminado (compilando archivo de origen main.cpp)
C:\Program Files (x86)\Microsoft Visual Studio\2019\Community\VC\Tools\MSVC\14.22.27905\include\system_error(414,1): warning C5026:  'std::_Generic_error_category': el constructor de movimiento se definió implícitamente como eliminado (compilando archivo de origen main.cpp)
C:\Program Files (x86)\Microsoft Visual Studio\2019\Community\VC\Tools\MSVC\14.22.27905\include\system_error(414,1): warning C4626:  'std::_Generic_error_category': el operador de asignaciones se definió implícitamente como eliminado (compilando archivo de origen main.cpp)
C:\Program Files (x86)\Microsoft Visual Studio\2019\Community\VC\Tools\MSVC\14.22.27905\include\system_error(414,1): warning C5027:  'std::_Generic_error_category': el operador de asignaciones de movimiento se definió implícitamente como eliminado (compilando archivo de origen main.cpp)
C:\Program Files (x86)\Microsoft Visual Studio\2019\Community\VC\Tools\MSVC\14.22.27905\include\system_error(434,1): warning C4625:  'std::_Iostream_error_category': el constructor de copia se definió implícitamente como eliminado (compilando archivo de origen main.cpp)
C:\Program Files (x86)\Microsoft Visual Studio\2019\Community\VC\Tools\MSVC\14.22.27905\include\system_error(434,1): warning C5026:  'std::_Iostream_error_category': el constructor de movimiento se definió implícitamente como eliminado (compilando archivo de origen main.cpp)
C:\Program Files (x86)\Microsoft Visual Studio\2019\Community\VC\Tools\MSVC\14.22.27905\include\system_error(434,1): warning C4626:  'std::_Iostream_error_category': el operador de asignaciones se definió implícitamente como eliminado (compilando archivo de origen main.cpp)
C:\Program Files (x86)\Microsoft Visual Studio\2019\Community\VC\Tools\MSVC\14.22.27905\include\system_error(434,1): warning C5027:  'std::_Iostream_error_category': el operador de asignaciones de movimiento se definió implícitamente como eliminado (compilando archivo de origen main.cpp)
C:\Program Files (x86)\Microsoft Visual Studio\2019\Community\VC\Tools\MSVC\14.22.27905\include\system_error(471,1): warning C4625:  'std::_System_error_category': el constructor de copia se definió implícitamente como eliminado (compilando archivo de origen main.cpp)
C:\Program Files (x86)\Microsoft Visual Studio\2019\Community\VC\Tools\MSVC\14.22.27905\include\system_error(471,1): warning C5026:  'std::_System_error_category': el constructor de movimiento se definió implícitamente como eliminado (compilando archivo de origen main.cpp)
C:\Program Files (x86)\Microsoft Visual Studio\2019\Community\VC\Tools\MSVC\14.22.27905\include\system_error(471,1): warning C4626:  'std::_System_error_category': el operador de asignaciones se definió implícitamente como eliminado (compilando archivo de origen main.cpp)
C:\Program Files (x86)\Microsoft Visual Studio\2019\Community\VC\Tools\MSVC\14.22.27905\include\system_error(471,1): warning C5027:  'std::_System_error_category': el operador de asignaciones de movimiento se definió implícitamente como eliminado (compilando archivo de origen main.cpp)
C:\Program Files (x86)\Microsoft Visual Studio\2019\Community\VC\Tools\MSVC\14.22.27905\include\xlocale(695,1): warning C4625:  'std::codecvt_base': el constructor de copia se definió implícitamente como eliminado (compilando archivo de origen main.cpp)
C:\Program Files (x86)\Microsoft Visual Studio\2019\Community\VC\Tools\MSVC\14.22.27905\include\xlocale(695,1): warning C4626:  'std::codecvt_base': el operador de asignaciones se definió implícitamente como eliminado (compilando archivo de origen main.cpp)
C:\Program Files (x86)\Microsoft Visual Studio\2019\Community\VC\Tools\MSVC\14.22.27905\include\xlocale(1175,1): warning C4625:  'std::codecvt<char16_t,char,mbstate_t>': el constructor de copia se definió implícitamente como eliminado (compilando archivo de origen main.cpp)
C:\Program Files (x86)\Microsoft Visual Studio\2019\Community\VC\Tools\MSVC\14.22.27905\include\xlocale(1175,1): warning C4626:  'std::codecvt<char16_t,char,mbstate_t>': el operador de asignaciones se definió implícitamente como eliminado (compilando archivo de origen main.cpp)
C:\Program Files (x86)\Microsoft Visual Studio\2019\Community\VC\Tools\MSVC\14.22.27905\include\xlocale(1410,1): warning C4625:  'std::codecvt<char32_t,char,mbstate_t>': el constructor de copia se definió implícitamente como eliminado (compilando archivo de origen main.cpp)
C:\Program Files (x86)\Microsoft Visual Studio\2019\Community\VC\Tools\MSVC\14.22.27905\include\xlocale(1410,1): warning C4626:  'std::codecvt<char32_t,char,mbstate_t>': el operador de asignaciones se definió implícitamente como eliminado (compilando archivo de origen main.cpp)
C:\Program Files (x86)\Microsoft Visual Studio\2019\Community\VC\Tools\MSVC\14.22.27905\include\xlocale(2156,1): warning C4625:  'std::codecvt<wchar_t,char,mbstate_t>': el constructor de copia se definió implícitamente como eliminado (compilando archivo de origen main.cpp)
C:\Program Files (x86)\Microsoft Visual Studio\2019\Community\VC\Tools\MSVC\14.22.27905\include\xlocale(2156,1): warning C4626:  'std::codecvt<wchar_t,char,mbstate_t>': el operador de asignaciones se definió implícitamente como eliminado (compilando archivo de origen main.cpp)
C:\Program Files (x86)\Microsoft Visual Studio\2019\Community\VC\Tools\MSVC\14.22.27905\include\xlocale(2359,1): warning C4625:  'std::codecvt<unsigned short,char,mbstate_t>': el constructor de copia se definió implícitamente como eliminado (compilando archivo de origen main.cpp)
C:\Program Files (x86)\Microsoft Visual Studio\2019\Community\VC\Tools\MSVC\14.22.27905\include\xlocale(2359,1): warning C4626:  'std::codecvt<unsigned short,char,mbstate_t>': el operador de asignaciones se definió implícitamente como eliminado (compilando archivo de origen main.cpp)
C:\Program Files (x86)\Microsoft Visual Studio\2019\Community\VC\Tools\MSVC\14.22.27905\include\xlocale(2405,1): warning C4625:  'std::ctype_base': el constructor de copia se definió implícitamente como eliminado (compilando archivo de origen main.cpp)
C:\Program Files (x86)\Microsoft Visual Studio\2019\Community\VC\Tools\MSVC\14.22.27905\include\xlocale(2405,1): warning C4626:  'std::ctype_base': el operador de asignaciones se definió implícitamente como eliminado (compilando archivo de origen main.cpp)
C:\Program Files (x86)\Microsoft Visual Studio\2019\Community\VC\Tools\MSVC\14.22.27905\include\xlocale(2836,1): warning C4625:  'std::ctype<char>': el constructor de copia se definió implícitamente como eliminado (compilando archivo de origen main.cpp)
C:\Program Files (x86)\Microsoft Visual Studio\2019\Community\VC\Tools\MSVC\14.22.27905\include\xlocale(2836,1): warning C4626:  'std::ctype<char>': el operador de asignaciones se definió implícitamente como eliminado (compilando archivo de origen main.cpp)
C:\Program Files (x86)\Microsoft Visual Studio\2019\Community\VC\Tools\MSVC\14.22.27905\include\xlocale(3039,1): warning C4625:  'std::ctype<wchar_t>': el constructor de copia se definió implícitamente como eliminado (compilando archivo de origen main.cpp)
C:\Program Files (x86)\Microsoft Visual Studio\2019\Community\VC\Tools\MSVC\14.22.27905\include\xlocale(3039,1): warning C4626:  'std::ctype<wchar_t>': el operador de asignaciones se definió implícitamente como eliminado (compilando archivo de origen main.cpp)
C:\Program Files (x86)\Microsoft Visual Studio\2019\Community\VC\Tools\MSVC\14.22.27905\include\xlocale(3243,1): warning C4625:  'std::ctype<unsigned short>': el constructor de copia se definió implícitamente como eliminado (compilando archivo de origen main.cpp)
C:\Program Files (x86)\Microsoft Visual Studio\2019\Community\VC\Tools\MSVC\14.22.27905\include\xlocale(3243,1): warning C4626:  'std::ctype<unsigned short>': el operador de asignaciones se definió implícitamente como eliminado (compilando archivo de origen main.cpp)
C:\Program Files (x86)\Microsoft Visual Studio\2019\Community\VC\Tools\MSVC\14.22.27905\include\vector(320,1): warning C4625:  'std::_Vector_val<std::_Simple_types<_Ty>>': el constructor de copia se definió implícitamente como eliminado
C:\Program Files (x86)\Microsoft Visual Studio\2019\Community\VC\Tools\MSVC\14.22.27905\include\vector(320,1): warning C4625:         with
C:\Program Files (x86)\Microsoft Visual Studio\2019\Community\VC\Tools\MSVC\14.22.27905\include\vector(320,1): warning C4625:         [
C:\Program Files (x86)\Microsoft Visual Studio\2019\Community\VC\Tools\MSVC\14.22.27905\include\vector(320,1): warning C4625:             _Ty=Particle *
C:\Program Files (x86)\Microsoft Visual Studio\2019\Community\VC\Tools\MSVC\14.22.27905\include\vector(320,1): warning C4625:         ] (compilando archivo de origen main.cpp)
C:\Program Files (x86)\Microsoft Visual Studio\2019\Community\VC\Tools\MSVC\14.22.27905\include\xmemory(1425): message :  vea la referencia a la creación de instancias de clase plantilla "std::_Vector_val<std::_Simple_types<_Ty>>" que se está compilando
C:\Program Files (x86)\Microsoft Visual Studio\2019\Community\VC\Tools\MSVC\14.22.27905\include\xmemory(1425): message :         with
C:\Program Files (x86)\Microsoft Visual Studio\2019\Community\VC\Tools\MSVC\14.22.27905\include\xmemory(1425): message :         [
C:\Program Files (x86)\Microsoft Visual Studio\2019\Community\VC\Tools\MSVC\14.22.27905\include\xmemory(1425): message :             _Ty=Particle *
C:\Program Files (x86)\Microsoft Visual Studio\2019\Community\VC\Tools\MSVC\14.22.27905\include\xmemory(1425): message :         ] (compilando archivo de origen main.cpp)
C:\Program Files (x86)\Microsoft Visual Studio\2019\Community\VC\Tools\MSVC\14.22.27905\include\vector(1716): message :  vea la referencia a la creación de instancias de clase plantilla "std::_Compressed_pair<std::allocator<_Ty>,std::_Vector_val<std::_Simple_types<_Ty>>,true>" que se está compilando
C:\Program Files (x86)\Microsoft Visual Studio\2019\Community\VC\Tools\MSVC\14.22.27905\include\vector(1716): message :         with
C:\Program Files (x86)\Microsoft Visual Studio\2019\Community\VC\Tools\MSVC\14.22.27905\include\vector(1716): message :         [
C:\Program Files (x86)\Microsoft Visual Studio\2019\Community\VC\Tools\MSVC\14.22.27905\include\vector(1716): message :             _Ty=Particle *
C:\Program Files (x86)\Microsoft Visual Studio\2019\Community\VC\Tools\MSVC\14.22.27905\include\vector(1716): message :         ] (compilando archivo de origen main.cpp)
C:\Users\mxddx\Desktop\SIM\Particulas\practica4\skeleton\main.cpp(34): message :  vea la referencia a la creación de instancias de clase plantilla "std::vector<Particle *,std::allocator<_Ty>>" que se está compilando
C:\Users\mxddx\Desktop\SIM\Particulas\practica4\skeleton\main.cpp(34): message :         with
C:\Users\mxddx\Desktop\SIM\Particulas\practica4\skeleton\main.cpp(34): message :         [
C:\Users\mxddx\Desktop\SIM\Particulas\practica4\skeleton\main.cpp(34): message :             _Ty=Particle *
C:\Users\mxddx\Desktop\SIM\Particulas\practica4\skeleton\main.cpp(34): message :         ]
C:\Program Files (x86)\Microsoft Visual Studio\2019\Community\VC\Tools\MSVC\14.22.27905\include\vector(320,1): warning C5026:  'std::_Vector_val<std::_Simple_types<_Ty>>': el constructor de movimiento se definió implícitamente como eliminado
C:\Program Files (x86)\Microsoft Visual Studio\2019\Community\VC\Tools\MSVC\14.22.27905\include\vector(320,1): warning C5026:         with
C:\Program Files (x86)\Microsoft Visual Studio\2019\Community\VC\Tools\MSVC\14.22.27905\include\vector(320,1): warning C5026:         [
C:\Program Files (x86)\Microsoft Visual Studio\2019\Community\VC\Tools\MSVC\14.22.27905\include\vector(320,1): warning C5026:             _Ty=Particle *
C:\Program Files (x86)\Microsoft Visual Studio\2019\Community\VC\Tools\MSVC\14.22.27905\include\vector(320,1): warning C5026:         ] (compilando archivo de origen main.cpp)
C:\Program Files (x86)\Microsoft Visual Studio\2019\Community\VC\Tools\MSVC\14.22.27905\include\vector(320,1): warning C4626:  'std::_Vector_val<std::_Simple_types<_Ty>>': el operador de asignaciones se definió implícitamente como eliminado
C:\Program Files (x86)\Microsoft Visual Studio\2019\Community\VC\Tools\MSVC\14.22.27905\include\vector(320,1): warning C4626:         with
C:\Program Files (x86)\Microsoft Visual Studio\2019\Community\VC\Tools\MSVC\14.22.27905\include\vector(320,1): warning C4626:         [
C:\Program Files (x86)\Microsoft Visual Studio\2019\Community\VC\Tools\MSVC\14.22.27905\include\vector(320,1): warning C4626:             _Ty=Particle *
C:\Program Files (x86)\Microsoft Visual Studio\2019\Community\VC\Tools\MSVC\14.22.27905\include\vector(320,1): warning C4626:         ] (compilando archivo de origen main.cpp)
C:\Program Files (x86)\Microsoft Visual Studio\2019\Community\VC\Tools\MSVC\14.22.27905\include\vector(320,1): warning C5027:  'std::_Vector_val<std::_Simple_types<_Ty>>': el operador de asignaciones de movimiento se definió implícitamente como eliminado
C:\Program Files (x86)\Microsoft Visual Studio\2019\Community\VC\Tools\MSVC\14.22.27905\include\vector(320,1): warning C5027:         with
C:\Program Files (x86)\Microsoft Visual Studio\2019\Community\VC\Tools\MSVC\14.22.27905\include\vector(320,1): warning C5027:         [
C:\Program Files (x86)\Microsoft Visual Studio\2019\Community\VC\Tools\MSVC\14.22.27905\include\vector(320,1): warning C5027:             _Ty=Particle *
C:\Program Files (x86)\Microsoft Visual Studio\2019\Community\VC\Tools\MSVC\14.22.27905\include\vector(320,1): warning C5027:         ] (compilando archivo de origen main.cpp)
C:\Program Files (x86)\Microsoft Visual Studio\2019\Community\VC\Tools\MSVC\14.22.27905\include\xmemory(1444,1): warning C4625:  'std::_Compressed_pair<std::allocator<_Ty>,std::_Vector_val<std::_Simple_types<_Ty>>,true>': el constructor de copia se definió implícitamente como eliminado
C:\Program Files (x86)\Microsoft Visual Studio\2019\Community\VC\Tools\MSVC\14.22.27905\include\xmemory(1444,1): warning C4625:         with
C:\Program Files (x86)\Microsoft Visual Studio\2019\Community\VC\Tools\MSVC\14.22.27905\include\xmemory(1444,1): warning C4625:         [
C:\Program Files (x86)\Microsoft Visual Studio\2019\Community\VC\Tools\MSVC\14.22.27905\include\xmemory(1444,1): warning C4625:             _Ty=Particle *
C:\Program Files (x86)\Microsoft Visual Studio\2019\Community\VC\Tools\MSVC\14.22.27905\include\xmemory(1444,1): warning C4625:         ] (compilando archivo de origen main.cpp)
C:\Program Files (x86)\Microsoft Visual Studio\2019\Community\VC\Tools\MSVC\14.22.27905\include\xmemory(1444,1): warning C5026:  'std::_Compressed_pair<std::allocator<_Ty>,std::_Vector_val<std::_Simple_types<_Ty>>,true>': el constructor de movimiento se definió implícitamente como eliminado
C:\Program Files (x86)\Microsoft Visual Studio\2019\Community\VC\Tools\MSVC\14.22.27905\include\xmemory(1444,1): warning C5026:         with
C:\Program Files (x86)\Microsoft Visual Studio\2019\Community\VC\Tools\MSVC\14.22.27905\include\xmemory(1444,1): warning C5026:         [
C:\Program Files (x86)\Microsoft Visual Studio\2019\Community\VC\Tools\MSVC\14.22.27905\include\xmemory(1444,1): warning C5026:             _Ty=Particle *
C:\Program Files (x86)\Microsoft Visual Studio\2019\Community\VC\Tools\MSVC\14.22.27905\include\xmemory(1444,1): warning C5026:         ] (compilando archivo de origen main.cpp)
C:\Program Files (x86)\Microsoft Visual Studio\2019\Community\VC\Tools\MSVC\14.22.27905\include\xmemory(1444,1): warning C4626:  'std::_Compressed_pair<std::allocator<_Ty>,std::_Vector_val<std::_Simple_types<_Ty>>,true>': el operador de asignaciones se definió implícitamente como eliminado
C:\Program Files (x86)\Microsoft Visual Studio\2019\Community\VC\Tools\MSVC\14.22.27905\include\xmemory(1444,1): warning C4626:         with
C:\Program Files (x86)\Microsoft Visual Studio\2019\Community\VC\Tools\MSVC\14.22.27905\include\xmemory(1444,1): warning C4626:         [
C:\Program Files (x86)\Microsoft Visual Studio\2019\Community\VC\Tools\MSVC\14.22.27905\include\xmemory(1444,1): warning C4626:             _Ty=Particle *
C:\Program Files (x86)\Microsoft Visual Studio\2019\Community\VC\Tools\MSVC\14.22.27905\include\xmemory(1444,1): warning C4626:         ] (compilando archivo de origen main.cpp)
C:\Program Files (x86)\Microsoft Visual Studio\2019\Community\VC\Tools\MSVC\14.22.27905\include\xmemory(1444,1): warning C5027:  'std::_Compressed_pair<std::allocator<_Ty>,std::_Vector_val<std::_Simple_types<_Ty>>,true>': el operador de asignaciones de movimiento se definió implícitamente como eliminado
C:\Program Files (x86)\Microsoft Visual Studio\2019\Community\VC\Tools\MSVC\14.22.27905\include\xmemory(1444,1): warning C5027:         with
C:\Program Files (x86)\Microsoft Visual Studio\2019\Community\VC\Tools\MSVC\14.22.27905\include\xmemory(1444,1): warning C5027:         [
C:\Program Files (x86)\Microsoft Visual Studio\2019\Community\VC\Tools\MSVC\14.22.27905\include\xmemory(1444,1): warning C5027:             _Ty=Particle *
C:\Program Files (x86)\Microsoft Visual Studio\2019\Community\VC\Tools\MSVC\14.22.27905\include\xmemory(1444,1): warning C5027:         ] (compilando archivo de origen main.cpp)
C:\Program Files (x86)\Microsoft Visual Studio\2019\Community\VC\Tools\MSVC\14.22.27905\include\xmemory(1404,1): warning C4625:  'std::_Container_proxy_ptr12<std::allocator<std::_Container_proxy>>': el constructor de copia se definió implícitamente como eliminado (compilando archivo de origen main.cpp)
C:\Program Files (x86)\Microsoft Visual Studio\2019\Community\VC\Tools\MSVC\14.22.27905\include\xstring(2274): message :  vea la referencia a la creación de instancias de clase plantilla "std::_Container_proxy_ptr12<std::allocator<std::_Container_proxy>>" que se está compilando (compilando archivo de origen main.cpp)
C:\Program Files (x86)\Microsoft Visual Studio\2019\Community\VC\Tools\MSVC\14.22.27905\include\xstring(2271): message :  al compilar la función del miembro clase plantilla "std::basic_string<char32_t,std::char_traits<char32_t>,std::allocator<char32_t>>::basic_string(const _Elem *const ,const unsigned __int64)"
C:\Program Files (x86)\Microsoft Visual Studio\2019\Community\VC\Tools\MSVC\14.22.27905\include\xstring(2271): message :         with
C:\Program Files (x86)\Microsoft Visual Studio\2019\Community\VC\Tools\MSVC\14.22.27905\include\xstring(2271): message :         [
C:\Program Files (x86)\Microsoft Visual Studio\2019\Community\VC\Tools\MSVC\14.22.27905\include\xstring(2271): message :             _Elem=char32_t
C:\Program Files (x86)\Microsoft Visual Studio\2019\Community\VC\Tools\MSVC\14.22.27905\include\xstring(2271): message :         ] (compilando archivo de origen main.cpp)
C:\Program Files (x86)\Microsoft Visual Studio\2019\Community\VC\Tools\MSVC\14.22.27905\include\xstring(4447): message :  vea la referencia a la creación de instancias de plantilla de función "std::basic_string<char32_t,std::char_traits<char32_t>,std::allocator<char32_t>>::basic_string(const _Elem *const ,const unsigned __int64)" que se está compilando
C:\Program Files (x86)\Microsoft Visual Studio\2019\Community\VC\Tools\MSVC\14.22.27905\include\xstring(4447): message :         with
C:\Program Files (x86)\Microsoft Visual Studio\2019\Community\VC\Tools\MSVC\14.22.27905\include\xstring(4447): message :         [
C:\Program Files (x86)\Microsoft Visual Studio\2019\Community\VC\Tools\MSVC\14.22.27905\include\xstring(4447): message :             _Elem=char32_t
C:\Program Files (x86)\Microsoft Visual Studio\2019\Community\VC\Tools\MSVC\14.22.27905\include\xstring(4447): message :         ] (compilando archivo de origen main.cpp)
C:\Program Files (x86)\Microsoft Visual Studio\2019\Community\VC\Tools\MSVC\14.22.27905\include\xstring(4445): message :  vea la referencia a la creación de instancias de clase plantilla "std::basic_string<char32_t,std::char_traits<char32_t>,std::allocator<char32_t>>" que se está compilando (compilando archivo de origen main.cpp)
C:\Program Files (x86)\Microsoft Visual Studio\2019\Community\VC\Tools\MSVC\14.22.27905\include\xmemory(1404,1): warning C4626:  'std::_Container_proxy_ptr12<std::allocator<std::_Container_proxy>>': el operador de asignaciones se definió implícitamente como eliminado (compilando archivo de origen main.cpp)
C:\Users\mxddx\Desktop\SIM\Particulas\practica4\skeleton\main.cpp(92): warning C5045:  El compilador insertará la mitigación de Spectre para la carga de memoria si se especificó el modificador /Qspectre
C:\Users\mxddx\Desktop\SIM\Particulas\practica4\skeleton\main.cpp(92): warning C5045: C:\Users\mxddx\Desktop\SIM\Particulas\practica4\skeleton\main.cpp(91) : nota: el intervalo "" del índice se comprobó por comparación en esta línea
C:\Users\mxddx\Desktop\SIM\Particulas\practica4\skeleton\main.cpp(92): warning C5045: C:\Users\mxddx\Desktop\SIM\Particulas\practica4\skeleton\main.cpp(92) : nota: suministra la llamada en esta línea
C:\Program Files (x86)\Microsoft Visual Studio\2019\Community\VC\Tools\MSVC\14.22.27905\include\vector(1592): warning C5045:  El compilador insertará la mitigación de Spectre para la carga de memoria si se especificó el modificador /Qspectre
C:\Program Files (x86)\Microsoft Visual Studio\2019\Community\VC\Tools\MSVC\14.22.27905\include\vector(1592): warning C5045: C:\Program Files (x86)\Microsoft Visual Studio\2019\Community\VC\Tools\MSVC\14.22.27905\include\vector(1591) : nota: el intervalo "_Newsize" del índice se comprobó por comparación en esta línea
C:\Program Files (x86)\Microsoft Visual Studio\2019\Community\VC\Tools\MSVC\14.22.27905\include\vector(1592): warning C5045: C:\Program Files (x86)\Microsoft Visual Studio\2019\Community\VC\Tools\MSVC\14.22.27905\include\vector(1592) : nota: suministra la llamada en esta línea
C:\Program Files (x86)\Microsoft Visual Studio\2019\Community\VC\Tools\MSVC\14.22.27905\include\xmemory(173): warning C5045:  El compilador insertará la mitigación de Spectre para la carga de memoria si se especificó el modificador /Qspectre
C:\Program Files (x86)\Microsoft Visual Studio\2019\Community\VC\Tools\MSVC\14.22.27905\include\xmemory(173): warning C5045: C:\Program Files (x86)\Microsoft Visual Studio\2019\Community\VC\Tools\MSVC\14.22.27905\include\xmemory(172) : nota: el intervalo "_Bytes" del índice se comprobó por comparación en esta línea
C:\Program Files (x86)\Microsoft Visual Studio\2019\Community\VC\Tools\MSVC\14.22.27905\include\xmemory(173): warning C5045: C:\Program Files (x86)\Microsoft Visual Studio\2019\Community\VC\Tools\MSVC\14.22.27905\include\xmemory(173) : nota: suministra la llamada en esta línea
Render.obj : warning LNK4204: falta informaci¾n de depuraci¾n de 'C:\Users\mxddx\Desktop\SIM\Particulas\practica4\bin\practica1DEBUG.pdb' para hacer referencia al m¾dulo; se vincularß el objeto sin tener en cuenta informaci¾n de depuraci¾n
Camera.obj : warning LNK4204: falta informaci¾n de depuraci¾n de 'C:\Users\mxddx\Desktop\SIM\Particulas\practica4\bin\practica1DEBUG.pdb' para hacer referencia al m¾dulo; se vincularß el objeto sin tener en cuenta informaci¾n de depuraci¾n
RenderUtils.obj : warning LNK4204: falta informaci¾n de depuraci¾n de 'C:\Users\mxddx\Desktop\SIM\Particulas\practica4\bin\practica1DEBUG.pdb' para hacer referencia al m¾dulo; se vincularß el objeto sin tener en cuenta informaci¾n de depuraci¾n
callbacks.obj : warning LNK4204: falta informaci¾n de depuraci¾n de 'C:\Users\mxddx\Desktop\SIM\Particulas\practica4\bin\practica1DEBUG.pdb' para hacer referencia al m¾dulo; se vincularß el objeto sin tener en cuenta informaci¾n de depuraci¾n
  game.vcxproj -> C:\Users\mxddx\Desktop\SIM\Particulas\practica4\skeleton\../bin/practica1DEBUG.exe
