  Sistema.cpp
c:\software\programacion\MSVStudio2019\VC\Tools\MSVC\14.21.27702\include\xmemory0(1451,1): warning C4626:  'std::_Basic_container_proxy_ptr12': assignment operator was implicitly defined as deleted
c:\software\programacion\MSVStudio2019\VC\Tools\MSVC\14.21.27702\include\vector(324,1): warning C4625:  'std::_Vector_val<std::_Simple_types<_Ty>>': copy constructor was implicitly defined as deleted
c:\software\programacion\MSVStudio2019\VC\Tools\MSVC\14.21.27702\include\vector(324,1): warning C4625:         with
c:\software\programacion\MSVStudio2019\VC\Tools\MSVC\14.21.27702\include\vector(324,1): warning C4625:         [
c:\software\programacion\MSVStudio2019\VC\Tools\MSVC\14.21.27702\include\vector(324,1): warning C4625:             _Ty=Particle *
c:\software\programacion\MSVStudio2019\VC\Tools\MSVC\14.21.27702\include\vector(324,1): warning C4625:         ]
c:\software\programacion\MSVStudio2019\VC\Tools\MSVC\14.21.27702\include\xmemory0(1505): message :  see reference to class template instantiation 'std::_Vector_val<std::_Simple_types<_Ty>>' being compiled
c:\software\programacion\MSVStudio2019\VC\Tools\MSVC\14.21.27702\include\xmemory0(1505): message :         with
c:\software\programacion\MSVStudio2019\VC\Tools\MSVC\14.21.27702\include\xmemory0(1505): message :         [
c:\software\programacion\MSVStudio2019\VC\Tools\MSVC\14.21.27702\include\xmemory0(1505): message :             _Ty=Particle *
c:\software\programacion\MSVStudio2019\VC\Tools\MSVC\14.21.27702\include\xmemory0(1505): message :         ]
c:\software\programacion\MSVStudio2019\VC\Tools\MSVC\14.21.27702\include\vector(1720): message :  see reference to class template instantiation 'std::_Compressed_pair<std::allocator<_Ty>,std::_Vector_val<std::_Simple_types<_Ty>>,true>' being compiled
c:\software\programacion\MSVStudio2019\VC\Tools\MSVC\14.21.27702\include\vector(1720): message :         with
c:\software\programacion\MSVStudio2019\VC\Tools\MSVC\14.21.27702\include\vector(1720): message :         [
c:\software\programacion\MSVStudio2019\VC\Tools\MSVC\14.21.27702\include\vector(1720): message :             _Ty=Particle *
c:\software\programacion\MSVStudio2019\VC\Tools\MSVC\14.21.27702\include\vector(1720): message :         ]
U:\hlocal\SIM\Sistemas\practica1\skeleton\Sistema.h(9): message :  see reference to class template instantiation 'std::vector<Particle *,std::allocator<_Ty>>' being compiled
U:\hlocal\SIM\Sistemas\practica1\skeleton\Sistema.h(9): message :         with
U:\hlocal\SIM\Sistemas\practica1\skeleton\Sistema.h(9): message :         [
U:\hlocal\SIM\Sistemas\practica1\skeleton\Sistema.h(9): message :             _Ty=Particle *
U:\hlocal\SIM\Sistemas\practica1\skeleton\Sistema.h(9): message :         ]
c:\software\programacion\MSVStudio2019\VC\Tools\MSVC\14.21.27702\include\vector(324,1): warning C5026:  'std::_Vector_val<std::_Simple_types<_Ty>>': move constructor was implicitly defined as deleted
c:\software\programacion\MSVStudio2019\VC\Tools\MSVC\14.21.27702\include\vector(324,1): warning C5026:         with
c:\software\programacion\MSVStudio2019\VC\Tools\MSVC\14.21.27702\include\vector(324,1): warning C5026:         [
c:\software\programacion\MSVStudio2019\VC\Tools\MSVC\14.21.27702\include\vector(324,1): warning C5026:             _Ty=Particle *
c:\software\programacion\MSVStudio2019\VC\Tools\MSVC\14.21.27702\include\vector(324,1): warning C5026:         ]
c:\software\programacion\MSVStudio2019\VC\Tools\MSVC\14.21.27702\include\vector(324,1): warning C4626:  'std::_Vector_val<std::_Simple_types<_Ty>>': assignment operator was implicitly defined as deleted
c:\software\programacion\MSVStudio2019\VC\Tools\MSVC\14.21.27702\include\vector(324,1): warning C4626:         with
c:\software\programacion\MSVStudio2019\VC\Tools\MSVC\14.21.27702\include\vector(324,1): warning C4626:         [
c:\software\programacion\MSVStudio2019\VC\Tools\MSVC\14.21.27702\include\vector(324,1): warning C4626:             _Ty=Particle *
c:\software\programacion\MSVStudio2019\VC\Tools\MSVC\14.21.27702\include\vector(324,1): warning C4626:         ]
c:\software\programacion\MSVStudio2019\VC\Tools\MSVC\14.21.27702\include\vector(324,1): warning C5027:  'std::_Vector_val<std::_Simple_types<_Ty>>': move assignment operator was implicitly defined as deleted
c:\software\programacion\MSVStudio2019\VC\Tools\MSVC\14.21.27702\include\vector(324,1): warning C5027:         with
c:\software\programacion\MSVStudio2019\VC\Tools\MSVC\14.21.27702\include\vector(324,1): warning C5027:         [
c:\software\programacion\MSVStudio2019\VC\Tools\MSVC\14.21.27702\include\vector(324,1): warning C5027:             _Ty=Particle *
c:\software\programacion\MSVStudio2019\VC\Tools\MSVC\14.21.27702\include\vector(324,1): warning C5027:         ]
c:\software\programacion\MSVStudio2019\VC\Tools\MSVC\14.21.27702\include\xmemory0(1527,1): warning C4625:  'std::_Compressed_pair<std::allocator<_Ty>,std::_Vector_val<std::_Simple_types<_Ty>>,true>': copy constructor was implicitly defined as deleted
c:\software\programacion\MSVStudio2019\VC\Tools\MSVC\14.21.27702\include\xmemory0(1527,1): warning C4625:         with
c:\software\programacion\MSVStudio2019\VC\Tools\MSVC\14.21.27702\include\xmemory0(1527,1): warning C4625:         [
c:\software\programacion\MSVStudio2019\VC\Tools\MSVC\14.21.27702\include\xmemory0(1527,1): warning C4625:             _Ty=Particle *
c:\software\programacion\MSVStudio2019\VC\Tools\MSVC\14.21.27702\include\xmemory0(1527,1): warning C4625:         ]
c:\software\programacion\MSVStudio2019\VC\Tools\MSVC\14.21.27702\include\xmemory0(1527,1): warning C5026:  'std::_Compressed_pair<std::allocator<_Ty>,std::_Vector_val<std::_Simple_types<_Ty>>,true>': move constructor was implicitly defined as deleted
c:\software\programacion\MSVStudio2019\VC\Tools\MSVC\14.21.27702\include\xmemory0(1527,1): warning C5026:         with
c:\software\programacion\MSVStudio2019\VC\Tools\MSVC\14.21.27702\include\xmemory0(1527,1): warning C5026:         [
c:\software\programacion\MSVStudio2019\VC\Tools\MSVC\14.21.27702\include\xmemory0(1527,1): warning C5026:             _Ty=Particle *
c:\software\programacion\MSVStudio2019\VC\Tools\MSVC\14.21.27702\include\xmemory0(1527,1): warning C5026:         ]
c:\software\programacion\MSVStudio2019\VC\Tools\MSVC\14.21.27702\include\xmemory0(1527,1): warning C4626:  'std::_Compressed_pair<std::allocator<_Ty>,std::_Vector_val<std::_Simple_types<_Ty>>,true>': assignment operator was implicitly defined as deleted
c:\software\programacion\MSVStudio2019\VC\Tools\MSVC\14.21.27702\include\xmemory0(1527,1): warning C4626:         with
c:\software\programacion\MSVStudio2019\VC\Tools\MSVC\14.21.27702\include\xmemory0(1527,1): warning C4626:         [
c:\software\programacion\MSVStudio2019\VC\Tools\MSVC\14.21.27702\include\xmemory0(1527,1): warning C4626:             _Ty=Particle *
c:\software\programacion\MSVStudio2019\VC\Tools\MSVC\14.21.27702\include\xmemory0(1527,1): warning C4626:         ]
c:\software\programacion\MSVStudio2019\VC\Tools\MSVC\14.21.27702\include\xmemory0(1527,1): warning C5027:  'std::_Compressed_pair<std::allocator<_Ty>,std::_Vector_val<std::_Simple_types<_Ty>>,true>': move assignment operator was implicitly defined as deleted
c:\software\programacion\MSVStudio2019\VC\Tools\MSVC\14.21.27702\include\xmemory0(1527,1): warning C5027:         with
c:\software\programacion\MSVStudio2019\VC\Tools\MSVC\14.21.27702\include\xmemory0(1527,1): warning C5027:         [
c:\software\programacion\MSVStudio2019\VC\Tools\MSVC\14.21.27702\include\xmemory0(1527,1): warning C5027:             _Ty=Particle *
c:\software\programacion\MSVStudio2019\VC\Tools\MSVC\14.21.27702\include\xmemory0(1527,1): warning C5027:         ]
c:\software\programacion\MSVStudio2019\VC\Tools\MSVC\14.21.27702\include\xstring(2110,1): warning C4625:  'std::_String_val<std::_Simple_types<_Elem>>': copy constructor was implicitly defined as deleted
c:\software\programacion\MSVStudio2019\VC\Tools\MSVC\14.21.27702\include\xstring(2110,1): warning C4625:         with
c:\software\programacion\MSVStudio2019\VC\Tools\MSVC\14.21.27702\include\xstring(2110,1): warning C4625:         [
c:\software\programacion\MSVStudio2019\VC\Tools\MSVC\14.21.27702\include\xstring(2110,1): warning C4625:             _Elem=char
c:\software\programacion\MSVStudio2019\VC\Tools\MSVC\14.21.27702\include\xstring(2110,1): warning C4625:         ]
c:\software\programacion\MSVStudio2019\VC\Tools\MSVC\14.21.27702\include\xstring(2154): message :  see reference to class template instantiation 'std::_String_val<std::_Simple_types<_Elem>>' being compiled
c:\software\programacion\MSVStudio2019\VC\Tools\MSVC\14.21.27702\include\xstring(2154): message :         with
c:\software\programacion\MSVStudio2019\VC\Tools\MSVC\14.21.27702\include\xstring(2154): message :         [
c:\software\programacion\MSVStudio2019\VC\Tools\MSVC\14.21.27702\include\xstring(2154): message :             _Elem=char
c:\software\programacion\MSVStudio2019\VC\Tools\MSVC\14.21.27702\include\xstring(2154): message :         ]
c:\software\programacion\MSVStudio2019\VC\Tools\MSVC\14.21.27702\include\xstring(4309): message :  see reference to class template instantiation 'std::basic_string<char,std::char_traits<char>,std::allocator<char>>' being compiled
c:\software\programacion\MSVStudio2019\VC\Tools\MSVC\14.21.27702\include\xstring(2110,1): warning C5026:  'std::_String_val<std::_Simple_types<_Elem>>': move constructor was implicitly defined as deleted
c:\software\programacion\MSVStudio2019\VC\Tools\MSVC\14.21.27702\include\xstring(2110,1): warning C5026:         with
c:\software\programacion\MSVStudio2019\VC\Tools\MSVC\14.21.27702\include\xstring(2110,1): warning C5026:         [
c:\software\programacion\MSVStudio2019\VC\Tools\MSVC\14.21.27702\include\xstring(2110,1): warning C5026:             _Elem=char
c:\software\programacion\MSVStudio2019\VC\Tools\MSVC\14.21.27702\include\xstring(2110,1): warning C5026:         ]
c:\software\programacion\MSVStudio2019\VC\Tools\MSVC\14.21.27702\include\xstring(2110,1): warning C4626:  'std::_String_val<std::_Simple_types<_Elem>>': assignment operator was implicitly defined as deleted
c:\software\programacion\MSVStudio2019\VC\Tools\MSVC\14.21.27702\include\xstring(2110,1): warning C4626:         with
c:\software\programacion\MSVStudio2019\VC\Tools\MSVC\14.21.27702\include\xstring(2110,1): warning C4626:         [
c:\software\programacion\MSVStudio2019\VC\Tools\MSVC\14.21.27702\include\xstring(2110,1): warning C4626:             _Elem=char
c:\software\programacion\MSVStudio2019\VC\Tools\MSVC\14.21.27702\include\xstring(2110,1): warning C4626:         ]
c:\software\programacion\MSVStudio2019\VC\Tools\MSVC\14.21.27702\include\xstring(2110,1): warning C5027:  'std::_String_val<std::_Simple_types<_Elem>>': move assignment operator was implicitly defined as deleted
c:\software\programacion\MSVStudio2019\VC\Tools\MSVC\14.21.27702\include\xstring(2110,1): warning C5027:         with
c:\software\programacion\MSVStudio2019\VC\Tools\MSVC\14.21.27702\include\xstring(2110,1): warning C5027:         [
c:\software\programacion\MSVStudio2019\VC\Tools\MSVC\14.21.27702\include\xstring(2110,1): warning C5027:             _Elem=char
c:\software\programacion\MSVStudio2019\VC\Tools\MSVC\14.21.27702\include\xstring(2110,1): warning C5027:         ]
c:\software\programacion\MSVStudio2019\VC\Tools\MSVC\14.21.27702\include\xmemory0(1527,1): warning C4625:  'std::_Compressed_pair<std::allocator<char>,std::_String_val<std::_Simple_types<_Elem>>,true>': copy constructor was implicitly defined as deleted
c:\software\programacion\MSVStudio2019\VC\Tools\MSVC\14.21.27702\include\xmemory0(1527,1): warning C4625:         with
c:\software\programacion\MSVStudio2019\VC\Tools\MSVC\14.21.27702\include\xmemory0(1527,1): warning C4625:         [
c:\software\programacion\MSVStudio2019\VC\Tools\MSVC\14.21.27702\include\xmemory0(1527,1): warning C4625:             _Elem=char
c:\software\programacion\MSVStudio2019\VC\Tools\MSVC\14.21.27702\include\xmemory0(1527,1): warning C4625:         ]
c:\software\programacion\MSVStudio2019\VC\Tools\MSVC\14.21.27702\include\xstring(3993): message :  see reference to class template instantiation 'std::_Compressed_pair<std::allocator<char>,std::_String_val<std::_Simple_types<_Elem>>,true>' being compiled
c:\software\programacion\MSVStudio2019\VC\Tools\MSVC\14.21.27702\include\xstring(3993): message :         with
c:\software\programacion\MSVStudio2019\VC\Tools\MSVC\14.21.27702\include\xstring(3993): message :         [
c:\software\programacion\MSVStudio2019\VC\Tools\MSVC\14.21.27702\include\xstring(3993): message :             _Elem=char
c:\software\programacion\MSVStudio2019\VC\Tools\MSVC\14.21.27702\include\xstring(3993): message :         ]
c:\software\programacion\MSVStudio2019\VC\Tools\MSVC\14.21.27702\include\xmemory0(1527,1): warning C5026:  'std::_Compressed_pair<std::allocator<char>,std::_String_val<std::_Simple_types<_Elem>>,true>': move constructor was implicitly defined as deleted
c:\software\programacion\MSVStudio2019\VC\Tools\MSVC\14.21.27702\include\xmemory0(1527,1): warning C5026:         with
c:\software\programacion\MSVStudio2019\VC\Tools\MSVC\14.21.27702\include\xmemory0(1527,1): warning C5026:         [
c:\software\programacion\MSVStudio2019\VC\Tools\MSVC\14.21.27702\include\xmemory0(1527,1): warning C5026:             _Elem=char
c:\software\programacion\MSVStudio2019\VC\Tools\MSVC\14.21.27702\include\xmemory0(1527,1): warning C5026:         ]
c:\software\programacion\MSVStudio2019\VC\Tools\MSVC\14.21.27702\include\xmemory0(1527,1): warning C4626:  'std::_Compressed_pair<std::allocator<char>,std::_String_val<std::_Simple_types<_Elem>>,true>': assignment operator was implicitly defined as deleted
c:\software\programacion\MSVStudio2019\VC\Tools\MSVC\14.21.27702\include\xmemory0(1527,1): warning C4626:         with
c:\software\programacion\MSVStudio2019\VC\Tools\MSVC\14.21.27702\include\xmemory0(1527,1): warning C4626:         [
c:\software\programacion\MSVStudio2019\VC\Tools\MSVC\14.21.27702\include\xmemory0(1527,1): warning C4626:             _Elem=char
c:\software\programacion\MSVStudio2019\VC\Tools\MSVC\14.21.27702\include\xmemory0(1527,1): warning C4626:         ]
c:\software\programacion\MSVStudio2019\VC\Tools\MSVC\14.21.27702\include\xmemory0(1527,1): warning C5027:  'std::_Compressed_pair<std::allocator<char>,std::_String_val<std::_Simple_types<_Elem>>,true>': move assignment operator was implicitly defined as deleted
c:\software\programacion\MSVStudio2019\VC\Tools\MSVC\14.21.27702\include\xmemory0(1527,1): warning C5027:         with
c:\software\programacion\MSVStudio2019\VC\Tools\MSVC\14.21.27702\include\xmemory0(1527,1): warning C5027:         [
c:\software\programacion\MSVStudio2019\VC\Tools\MSVC\14.21.27702\include\xmemory0(1527,1): warning C5027:             _Elem=char
c:\software\programacion\MSVStudio2019\VC\Tools\MSVC\14.21.27702\include\xmemory0(1527,1): warning C5027:         ]
c:\software\programacion\MSVStudio2019\VC\Tools\MSVC\14.21.27702\include\xstring(2110,1): warning C4625:  'std::_String_val<std::_Simple_types<_Elem>>': copy constructor was implicitly defined as deleted
c:\software\programacion\MSVStudio2019\VC\Tools\MSVC\14.21.27702\include\xstring(2110,1): warning C4625:         with
c:\software\programacion\MSVStudio2019\VC\Tools\MSVC\14.21.27702\include\xstring(2110,1): warning C4625:         [
c:\software\programacion\MSVStudio2019\VC\Tools\MSVC\14.21.27702\include\xstring(2110,1): warning C4625:             _Elem=wchar_t
c:\software\programacion\MSVStudio2019\VC\Tools\MSVC\14.21.27702\include\xstring(2110,1): warning C4625:         ]
c:\software\programacion\MSVStudio2019\VC\Tools\MSVC\14.21.27702\include\xstring(2154): message :  see reference to class template instantiation 'std::_String_val<std::_Simple_types<_Elem>>' being compiled
c:\software\programacion\MSVStudio2019\VC\Tools\MSVC\14.21.27702\include\xstring(2154): message :         with
c:\software\programacion\MSVStudio2019\VC\Tools\MSVC\14.21.27702\include\xstring(2154): message :         [
c:\software\programacion\MSVStudio2019\VC\Tools\MSVC\14.21.27702\include\xstring(2154): message :             _Elem=wchar_t
c:\software\programacion\MSVStudio2019\VC\Tools\MSVC\14.21.27702\include\xstring(2154): message :         ]
c:\software\programacion\MSVStudio2019\VC\Tools\MSVC\14.21.27702\include\xstring(4314): message :  see reference to class template instantiation 'std::basic_string<wchar_t,std::char_traits<wchar_t>,std::allocator<wchar_t>>' being compiled
c:\software\programacion\MSVStudio2019\VC\Tools\MSVC\14.21.27702\include\xstring(2110,1): warning C5026:  'std::_String_val<std::_Simple_types<_Elem>>': move constructor was implicitly defined as deleted
c:\software\programacion\MSVStudio2019\VC\Tools\MSVC\14.21.27702\include\xstring(2110,1): warning C5026:         with
c:\software\programacion\MSVStudio2019\VC\Tools\MSVC\14.21.27702\include\xstring(2110,1): warning C5026:         [
c:\software\programacion\MSVStudio2019\VC\Tools\MSVC\14.21.27702\include\xstring(2110,1): warning C5026:             _Elem=wchar_t
c:\software\programacion\MSVStudio2019\VC\Tools\MSVC\14.21.27702\include\xstring(2110,1): warning C5026:         ]
c:\software\programacion\MSVStudio2019\VC\Tools\MSVC\14.21.27702\include\xstring(2110,1): warning C4626:  'std::_String_val<std::_Simple_types<_Elem>>': assignment operator was implicitly defined as deleted
c:\software\programacion\MSVStudio2019\VC\Tools\MSVC\14.21.27702\include\xstring(2110,1): warning C4626:         with
c:\software\programacion\MSVStudio2019\VC\Tools\MSVC\14.21.27702\include\xstring(2110,1): warning C4626:         [
c:\software\programacion\MSVStudio2019\VC\Tools\MSVC\14.21.27702\include\xstring(2110,1): warning C4626:             _Elem=wchar_t
c:\software\programacion\MSVStudio2019\VC\Tools\MSVC\14.21.27702\include\xstring(2110,1): warning C4626:         ]
c:\software\programacion\MSVStudio2019\VC\Tools\MSVC\14.21.27702\include\xstring(2110,1): warning C5027:  'std::_String_val<std::_Simple_types<_Elem>>': move assignment operator was implicitly defined as deleted
c:\software\programacion\MSVStudio2019\VC\Tools\MSVC\14.21.27702\include\xstring(2110,1): warning C5027:         with
c:\software\programacion\MSVStudio2019\VC\Tools\MSVC\14.21.27702\include\xstring(2110,1): warning C5027:         [
c:\software\programacion\MSVStudio2019\VC\Tools\MSVC\14.21.27702\include\xstring(2110,1): warning C5027:             _Elem=wchar_t
c:\software\programacion\MSVStudio2019\VC\Tools\MSVC\14.21.27702\include\xstring(2110,1): warning C5027:         ]
c:\software\programacion\MSVStudio2019\VC\Tools\MSVC\14.21.27702\include\xmemory0(1527,1): warning C4625:  'std::_Compressed_pair<std::allocator<wchar_t>,std::_String_val<std::_Simple_types<_Elem>>,true>': copy constructor was implicitly defined as deleted
c:\software\programacion\MSVStudio2019\VC\Tools\MSVC\14.21.27702\include\xmemory0(1527,1): warning C4625:         with
c:\software\programacion\MSVStudio2019\VC\Tools\MSVC\14.21.27702\include\xmemory0(1527,1): warning C4625:         [
c:\software\programacion\MSVStudio2019\VC\Tools\MSVC\14.21.27702\include\xmemory0(1527,1): warning C4625:             _Elem=wchar_t
c:\software\programacion\MSVStudio2019\VC\Tools\MSVC\14.21.27702\include\xmemory0(1527,1): warning C4625:         ]
c:\software\programacion\MSVStudio2019\VC\Tools\MSVC\14.21.27702\include\xstring(3993): message :  see reference to class template instantiation 'std::_Compressed_pair<std::allocator<wchar_t>,std::_String_val<std::_Simple_types<_Elem>>,true>' being compiled
c:\software\programacion\MSVStudio2019\VC\Tools\MSVC\14.21.27702\include\xstring(3993): message :         with
c:\software\programacion\MSVStudio2019\VC\Tools\MSVC\14.21.27702\include\xstring(3993): message :         [
c:\software\programacion\MSVStudio2019\VC\Tools\MSVC\14.21.27702\include\xstring(3993): message :             _Elem=wchar_t
c:\software\programacion\MSVStudio2019\VC\Tools\MSVC\14.21.27702\include\xstring(3993): message :         ]
c:\software\programacion\MSVStudio2019\VC\Tools\MSVC\14.21.27702\include\xmemory0(1527,1): warning C5026:  'std::_Compressed_pair<std::allocator<wchar_t>,std::_String_val<std::_Simple_types<_Elem>>,true>': move constructor was implicitly defined as deleted
c:\software\programacion\MSVStudio2019\VC\Tools\MSVC\14.21.27702\include\xmemory0(1527,1): warning C5026:         with
c:\software\programacion\MSVStudio2019\VC\Tools\MSVC\14.21.27702\include\xmemory0(1527,1): warning C5026:         [
c:\software\programacion\MSVStudio2019\VC\Tools\MSVC\14.21.27702\include\xmemory0(1527,1): warning C5026:             _Elem=wchar_t
c:\software\programacion\MSVStudio2019\VC\Tools\MSVC\14.21.27702\include\xmemory0(1527,1): warning C5026:         ]
c:\software\programacion\MSVStudio2019\VC\Tools\MSVC\14.21.27702\include\xmemory0(1527,1): warning C4626:  'std::_Compressed_pair<std::allocator<wchar_t>,std::_String_val<std::_Simple_types<_Elem>>,true>': assignment operator was implicitly defined as deleted
c:\software\programacion\MSVStudio2019\VC\Tools\MSVC\14.21.27702\include\xmemory0(1527,1): warning C4626:         with
c:\software\programacion\MSVStudio2019\VC\Tools\MSVC\14.21.27702\include\xmemory0(1527,1): warning C4626:         [
c:\software\programacion\MSVStudio2019\VC\Tools\MSVC\14.21.27702\include\xmemory0(1527,1): warning C4626:             _Elem=wchar_t
c:\software\programacion\MSVStudio2019\VC\Tools\MSVC\14.21.27702\include\xmemory0(1527,1): warning C4626:         ]
c:\software\programacion\MSVStudio2019\VC\Tools\MSVC\14.21.27702\include\xmemory0(1527,1): warning C5027:  'std::_Compressed_pair<std::allocator<wchar_t>,std::_String_val<std::_Simple_types<_Elem>>,true>': move assignment operator was implicitly defined as deleted
c:\software\programacion\MSVStudio2019\VC\Tools\MSVC\14.21.27702\include\xmemory0(1527,1): warning C5027:         with
c:\software\programacion\MSVStudio2019\VC\Tools\MSVC\14.21.27702\include\xmemory0(1527,1): warning C5027:         [
c:\software\programacion\MSVStudio2019\VC\Tools\MSVC\14.21.27702\include\xmemory0(1527,1): warning C5027:             _Elem=wchar_t
c:\software\programacion\MSVStudio2019\VC\Tools\MSVC\14.21.27702\include\xmemory0(1527,1): warning C5027:         ]
c:\software\programacion\MSVStudio2019\VC\Tools\MSVC\14.21.27702\include\xstring(2110,1): warning C4625:  'std::_String_val<std::_Simple_types<_Elem>>': copy constructor was implicitly defined as deleted
c:\software\programacion\MSVStudio2019\VC\Tools\MSVC\14.21.27702\include\xstring(2110,1): warning C4625:         with
c:\software\programacion\MSVStudio2019\VC\Tools\MSVC\14.21.27702\include\xstring(2110,1): warning C4625:         [
c:\software\programacion\MSVStudio2019\VC\Tools\MSVC\14.21.27702\include\xstring(2110,1): warning C4625:             _Elem=char16_t
c:\software\programacion\MSVStudio2019\VC\Tools\MSVC\14.21.27702\include\xstring(2110,1): warning C4625:         ]
c:\software\programacion\MSVStudio2019\VC\Tools\MSVC\14.21.27702\include\xstring(2154): message :  see reference to class template instantiation 'std::_String_val<std::_Simple_types<_Elem>>' being compiled
c:\software\programacion\MSVStudio2019\VC\Tools\MSVC\14.21.27702\include\xstring(2154): message :         with
c:\software\programacion\MSVStudio2019\VC\Tools\MSVC\14.21.27702\include\xstring(2154): message :         [
c:\software\programacion\MSVStudio2019\VC\Tools\MSVC\14.21.27702\include\xstring(2154): message :             _Elem=char16_t
c:\software\programacion\MSVStudio2019\VC\Tools\MSVC\14.21.27702\include\xstring(2154): message :         ]
c:\software\programacion\MSVStudio2019\VC\Tools\MSVC\14.21.27702\include\xstring(4319): message :  see reference to class template instantiation 'std::basic_string<char16_t,std::char_traits<char16_t>,std::allocator<char16_t>>' being compiled
c:\software\programacion\MSVStudio2019\VC\Tools\MSVC\14.21.27702\include\xstring(2110,1): warning C5026:  'std::_String_val<std::_Simple_types<_Elem>>': move constructor was implicitly defined as deleted
c:\software\programacion\MSVStudio2019\VC\Tools\MSVC\14.21.27702\include\xstring(2110,1): warning C5026:         with
c:\software\programacion\MSVStudio2019\VC\Tools\MSVC\14.21.27702\include\xstring(2110,1): warning C5026:         [
c:\software\programacion\MSVStudio2019\VC\Tools\MSVC\14.21.27702\include\xstring(2110,1): warning C5026:             _Elem=char16_t
c:\software\programacion\MSVStudio2019\VC\Tools\MSVC\14.21.27702\include\xstring(2110,1): warning C5026:         ]
c:\software\programacion\MSVStudio2019\VC\Tools\MSVC\14.21.27702\include\xstring(2110,1): warning C4626:  'std::_String_val<std::_Simple_types<_Elem>>': assignment operator was implicitly defined as deleted
c:\software\programacion\MSVStudio2019\VC\Tools\MSVC\14.21.27702\include\xstring(2110,1): warning C4626:         with
c:\software\programacion\MSVStudio2019\VC\Tools\MSVC\14.21.27702\include\xstring(2110,1): warning C4626:         [
c:\software\programacion\MSVStudio2019\VC\Tools\MSVC\14.21.27702\include\xstring(2110,1): warning C4626:             _Elem=char16_t
c:\software\programacion\MSVStudio2019\VC\Tools\MSVC\14.21.27702\include\xstring(2110,1): warning C4626:         ]
c:\software\programacion\MSVStudio2019\VC\Tools\MSVC\14.21.27702\include\xstring(2110,1): warning C5027:  'std::_String_val<std::_Simple_types<_Elem>>': move assignment operator was implicitly defined as deleted
c:\software\programacion\MSVStudio2019\VC\Tools\MSVC\14.21.27702\include\xstring(2110,1): warning C5027:         with
c:\software\programacion\MSVStudio2019\VC\Tools\MSVC\14.21.27702\include\xstring(2110,1): warning C5027:         [
c:\software\programacion\MSVStudio2019\VC\Tools\MSVC\14.21.27702\include\xstring(2110,1): warning C5027:             _Elem=char16_t
c:\software\programacion\MSVStudio2019\VC\Tools\MSVC\14.21.27702\include\xstring(2110,1): warning C5027:         ]
c:\software\programacion\MSVStudio2019\VC\Tools\MSVC\14.21.27702\include\xmemory0(1527,1): warning C4625:  'std::_Compressed_pair<std::allocator<char16_t>,std::_String_val<std::_Simple_types<_Elem>>,true>': copy constructor was implicitly defined as deleted
c:\software\programacion\MSVStudio2019\VC\Tools\MSVC\14.21.27702\include\xmemory0(1527,1): warning C4625:         with
c:\software\programacion\MSVStudio2019\VC\Tools\MSVC\14.21.27702\include\xmemory0(1527,1): warning C4625:         [
c:\software\programacion\MSVStudio2019\VC\Tools\MSVC\14.21.27702\include\xmemory0(1527,1): warning C4625:             _Elem=char16_t
c:\software\programacion\MSVStudio2019\VC\Tools\MSVC\14.21.27702\include\xmemory0(1527,1): warning C4625:         ]
c:\software\programacion\MSVStudio2019\VC\Tools\MSVC\14.21.27702\include\xstring(3993): message :  see reference to class template instantiation 'std::_Compressed_pair<std::allocator<char16_t>,std::_String_val<std::_Simple_types<_Elem>>,true>' being compiled
c:\software\programacion\MSVStudio2019\VC\Tools\MSVC\14.21.27702\include\xstring(3993): message :         with
c:\software\programacion\MSVStudio2019\VC\Tools\MSVC\14.21.27702\include\xstring(3993): message :         [
c:\software\programacion\MSVStudio2019\VC\Tools\MSVC\14.21.27702\include\xstring(3993): message :             _Elem=char16_t
c:\software\programacion\MSVStudio2019\VC\Tools\MSVC\14.21.27702\include\xstring(3993): message :         ]
c:\software\programacion\MSVStudio2019\VC\Tools\MSVC\14.21.27702\include\xmemory0(1527,1): warning C5026:  'std::_Compressed_pair<std::allocator<char16_t>,std::_String_val<std::_Simple_types<_Elem>>,true>': move constructor was implicitly defined as deleted
c:\software\programacion\MSVStudio2019\VC\Tools\MSVC\14.21.27702\include\xmemory0(1527,1): warning C5026:         with
c:\software\programacion\MSVStudio2019\VC\Tools\MSVC\14.21.27702\include\xmemory0(1527,1): warning C5026:         [
c:\software\programacion\MSVStudio2019\VC\Tools\MSVC\14.21.27702\include\xmemory0(1527,1): warning C5026:             _Elem=char16_t
c:\software\programacion\MSVStudio2019\VC\Tools\MSVC\14.21.27702\include\xmemory0(1527,1): warning C5026:         ]
c:\software\programacion\MSVStudio2019\VC\Tools\MSVC\14.21.27702\include\xmemory0(1527,1): warning C4626:  'std::_Compressed_pair<std::allocator<char16_t>,std::_String_val<std::_Simple_types<_Elem>>,true>': assignment operator was implicitly defined as deleted
c:\software\programacion\MSVStudio2019\VC\Tools\MSVC\14.21.27702\include\xmemory0(1527,1): warning C4626:         with
c:\software\programacion\MSVStudio2019\VC\Tools\MSVC\14.21.27702\include\xmemory0(1527,1): warning C4626:         [
c:\software\programacion\MSVStudio2019\VC\Tools\MSVC\14.21.27702\include\xmemory0(1527,1): warning C4626:             _Elem=char16_t
c:\software\programacion\MSVStudio2019\VC\Tools\MSVC\14.21.27702\include\xmemory0(1527,1): warning C4626:         ]
c:\software\programacion\MSVStudio2019\VC\Tools\MSVC\14.21.27702\include\xmemory0(1527,1): warning C5027:  'std::_Compressed_pair<std::allocator<char16_t>,std::_String_val<std::_Simple_types<_Elem>>,true>': move assignment operator was implicitly defined as deleted
c:\software\programacion\MSVStudio2019\VC\Tools\MSVC\14.21.27702\include\xmemory0(1527,1): warning C5027:         with
c:\software\programacion\MSVStudio2019\VC\Tools\MSVC\14.21.27702\include\xmemory0(1527,1): warning C5027:         [
c:\software\programacion\MSVStudio2019\VC\Tools\MSVC\14.21.27702\include\xmemory0(1527,1): warning C5027:             _Elem=char16_t
c:\software\programacion\MSVStudio2019\VC\Tools\MSVC\14.21.27702\include\xmemory0(1527,1): warning C5027:         ]
c:\software\programacion\MSVStudio2019\VC\Tools\MSVC\14.21.27702\include\xstring(2110,1): warning C4625:  'std::_String_val<std::_Simple_types<_Elem>>': copy constructor was implicitly defined as deleted
c:\software\programacion\MSVStudio2019\VC\Tools\MSVC\14.21.27702\include\xstring(2110,1): warning C4625:         with
c:\software\programacion\MSVStudio2019\VC\Tools\MSVC\14.21.27702\include\xstring(2110,1): warning C4625:         [
c:\software\programacion\MSVStudio2019\VC\Tools\MSVC\14.21.27702\include\xstring(2110,1): warning C4625:             _Elem=char32_t
c:\software\programacion\MSVStudio2019\VC\Tools\MSVC\14.21.27702\include\xstring(2110,1): warning C4625:         ]
c:\software\programacion\MSVStudio2019\VC\Tools\MSVC\14.21.27702\include\xstring(2154): message :  see reference to class template instantiation 'std::_String_val<std::_Simple_types<_Elem>>' being compiled
c:\software\programacion\MSVStudio2019\VC\Tools\MSVC\14.21.27702\include\xstring(2154): message :         with
c:\software\programacion\MSVStudio2019\VC\Tools\MSVC\14.21.27702\include\xstring(2154): message :         [
c:\software\programacion\MSVStudio2019\VC\Tools\MSVC\14.21.27702\include\xstring(2154): message :             _Elem=char32_t
c:\software\programacion\MSVStudio2019\VC\Tools\MSVC\14.21.27702\include\xstring(2154): message :         ]
c:\software\programacion\MSVStudio2019\VC\Tools\MSVC\14.21.27702\include\xstring(4324): message :  see reference to class template instantiation 'std::basic_string<char32_t,std::char_traits<char32_t>,std::allocator<char32_t>>' being compiled
c:\software\programacion\MSVStudio2019\VC\Tools\MSVC\14.21.27702\include\xstring(2110,1): warning C5026:  'std::_String_val<std::_Simple_types<_Elem>>': move constructor was implicitly defined as deleted
c:\software\programacion\MSVStudio2019\VC\Tools\MSVC\14.21.27702\include\xstring(2110,1): warning C5026:         with
c:\software\programacion\MSVStudio2019\VC\Tools\MSVC\14.21.27702\include\xstring(2110,1): warning C5026:         [
c:\software\programacion\MSVStudio2019\VC\Tools\MSVC\14.21.27702\include\xstring(2110,1): warning C5026:             _Elem=char32_t
c:\software\programacion\MSVStudio2019\VC\Tools\MSVC\14.21.27702\include\xstring(2110,1): warning C5026:         ]
c:\software\programacion\MSVStudio2019\VC\Tools\MSVC\14.21.27702\include\xstring(2110,1): warning C4626:  'std::_String_val<std::_Simple_types<_Elem>>': assignment operator was implicitly defined as deleted
c:\software\programacion\MSVStudio2019\VC\Tools\MSVC\14.21.27702\include\xstring(2110,1): warning C4626:         with
c:\software\programacion\MSVStudio2019\VC\Tools\MSVC\14.21.27702\include\xstring(2110,1): warning C4626:         [
c:\software\programacion\MSVStudio2019\VC\Tools\MSVC\14.21.27702\include\xstring(2110,1): warning C4626:             _Elem=char32_t
c:\software\programacion\MSVStudio2019\VC\Tools\MSVC\14.21.27702\include\xstring(2110,1): warning C4626:         ]
c:\software\programacion\MSVStudio2019\VC\Tools\MSVC\14.21.27702\include\xstring(2110,1): warning C5027:  'std::_String_val<std::_Simple_types<_Elem>>': move assignment operator was implicitly defined as deleted
c:\software\programacion\MSVStudio2019\VC\Tools\MSVC\14.21.27702\include\xstring(2110,1): warning C5027:         with
c:\software\programacion\MSVStudio2019\VC\Tools\MSVC\14.21.27702\include\xstring(2110,1): warning C5027:         [
c:\software\programacion\MSVStudio2019\VC\Tools\MSVC\14.21.27702\include\xstring(2110,1): warning C5027:             _Elem=char32_t
c:\software\programacion\MSVStudio2019\VC\Tools\MSVC\14.21.27702\include\xstring(2110,1): warning C5027:         ]
c:\software\programacion\MSVStudio2019\VC\Tools\MSVC\14.21.27702\include\xmemory0(1527,1): warning C4625:  'std::_Compressed_pair<std::allocator<char32_t>,std::_String_val<std::_Simple_types<_Elem>>,true>': copy constructor was implicitly defined as deleted
c:\software\programacion\MSVStudio2019\VC\Tools\MSVC\14.21.27702\include\xmemory0(1527,1): warning C4625:         with
c:\software\programacion\MSVStudio2019\VC\Tools\MSVC\14.21.27702\include\xmemory0(1527,1): warning C4625:         [
c:\software\programacion\MSVStudio2019\VC\Tools\MSVC\14.21.27702\include\xmemory0(1527,1): warning C4625:             _Elem=char32_t
c:\software\programacion\MSVStudio2019\VC\Tools\MSVC\14.21.27702\include\xmemory0(1527,1): warning C4625:         ]
c:\software\programacion\MSVStudio2019\VC\Tools\MSVC\14.21.27702\include\xstring(3993): message :  see reference to class template instantiation 'std::_Compressed_pair<std::allocator<char32_t>,std::_String_val<std::_Simple_types<_Elem>>,true>' being compiled
c:\software\programacion\MSVStudio2019\VC\Tools\MSVC\14.21.27702\include\xstring(3993): message :         with
c:\software\programacion\MSVStudio2019\VC\Tools\MSVC\14.21.27702\include\xstring(3993): message :         [
c:\software\programacion\MSVStudio2019\VC\Tools\MSVC\14.21.27702\include\xstring(3993): message :             _Elem=char32_t
c:\software\programacion\MSVStudio2019\VC\Tools\MSVC\14.21.27702\include\xstring(3993): message :         ]
c:\software\programacion\MSVStudio2019\VC\Tools\MSVC\14.21.27702\include\xmemory0(1527,1): warning C5026:  'std::_Compressed_pair<std::allocator<char32_t>,std::_String_val<std::_Simple_types<_Elem>>,true>': move constructor was implicitly defined as deleted
c:\software\programacion\MSVStudio2019\VC\Tools\MSVC\14.21.27702\include\xmemory0(1527,1): warning C5026:         with
c:\software\programacion\MSVStudio2019\VC\Tools\MSVC\14.21.27702\include\xmemory0(1527,1): warning C5026:         [
c:\software\programacion\MSVStudio2019\VC\Tools\MSVC\14.21.27702\include\xmemory0(1527,1): warning C5026:             _Elem=char32_t
c:\software\programacion\MSVStudio2019\VC\Tools\MSVC\14.21.27702\include\xmemory0(1527,1): warning C5026:         ]
c:\software\programacion\MSVStudio2019\VC\Tools\MSVC\14.21.27702\include\xmemory0(1527,1): warning C4626:  'std::_Compressed_pair<std::allocator<char32_t>,std::_String_val<std::_Simple_types<_Elem>>,true>': assignment operator was implicitly defined as deleted
c:\software\programacion\MSVStudio2019\VC\Tools\MSVC\14.21.27702\include\xmemory0(1527,1): warning C4626:         with
c:\software\programacion\MSVStudio2019\VC\Tools\MSVC\14.21.27702\include\xmemory0(1527,1): warning C4626:         [
c:\software\programacion\MSVStudio2019\VC\Tools\MSVC\14.21.27702\include\xmemory0(1527,1): warning C4626:             _Elem=char32_t
c:\software\programacion\MSVStudio2019\VC\Tools\MSVC\14.21.27702\include\xmemory0(1527,1): warning C4626:         ]
c:\software\programacion\MSVStudio2019\VC\Tools\MSVC\14.21.27702\include\xmemory0(1527,1): warning C5027:  'std::_Compressed_pair<std::allocator<char32_t>,std::_String_val<std::_Simple_types<_Elem>>,true>': move assignment operator was implicitly defined as deleted
c:\software\programacion\MSVStudio2019\VC\Tools\MSVC\14.21.27702\include\xmemory0(1527,1): warning C5027:         with
c:\software\programacion\MSVStudio2019\VC\Tools\MSVC\14.21.27702\include\xmemory0(1527,1): warning C5027:         [
c:\software\programacion\MSVStudio2019\VC\Tools\MSVC\14.21.27702\include\xmemory0(1527,1): warning C5027:             _Elem=char32_t
c:\software\programacion\MSVStudio2019\VC\Tools\MSVC\14.21.27702\include\xmemory0(1527,1): warning C5027:         ]
c:\software\programacion\MSVStudio2019\VC\Tools\MSVC\14.21.27702\include\system_error(415,1): warning C4625:  'std::_Generic_error_category': copy constructor was implicitly defined as deleted
c:\software\programacion\MSVStudio2019\VC\Tools\MSVC\14.21.27702\include\system_error(415,1): warning C5026:  'std::_Generic_error_category': move constructor was implicitly defined as deleted
c:\software\programacion\MSVStudio2019\VC\Tools\MSVC\14.21.27702\include\system_error(415,1): warning C4626:  'std::_Generic_error_category': assignment operator was implicitly defined as deleted
c:\software\programacion\MSVStudio2019\VC\Tools\MSVC\14.21.27702\include\system_error(415,1): warning C5027:  'std::_Generic_error_category': move assignment operator was implicitly defined as deleted
c:\software\programacion\MSVStudio2019\VC\Tools\MSVC\14.21.27702\include\system_error(435,1): warning C4625:  'std::_Iostream_error_category': copy constructor was implicitly defined as deleted
c:\software\programacion\MSVStudio2019\VC\Tools\MSVC\14.21.27702\include\system_error(435,1): warning C5026:  'std::_Iostream_error_category': move constructor was implicitly defined as deleted
c:\software\programacion\MSVStudio2019\VC\Tools\MSVC\14.21.27702\include\system_error(435,1): warning C4626:  'std::_Iostream_error_category': assignment operator was implicitly defined as deleted
c:\software\programacion\MSVStudio2019\VC\Tools\MSVC\14.21.27702\include\system_error(435,1): warning C5027:  'std::_Iostream_error_category': move assignment operator was implicitly defined as deleted
c:\software\programacion\MSVStudio2019\VC\Tools\MSVC\14.21.27702\include\system_error(472,1): warning C4625:  'std::_System_error_category': copy constructor was implicitly defined as deleted
c:\software\programacion\MSVStudio2019\VC\Tools\MSVC\14.21.27702\include\system_error(472,1): warning C5026:  'std::_System_error_category': move constructor was implicitly defined as deleted
c:\software\programacion\MSVStudio2019\VC\Tools\MSVC\14.21.27702\include\system_error(472,1): warning C4626:  'std::_System_error_category': assignment operator was implicitly defined as deleted
c:\software\programacion\MSVStudio2019\VC\Tools\MSVC\14.21.27702\include\system_error(472,1): warning C5027:  'std::_System_error_category': move assignment operator was implicitly defined as deleted
c:\software\programacion\MSVStudio2019\VC\Tools\MSVC\14.21.27702\include\xlocale(711,1): warning C4625:  'std::codecvt_base': copy constructor was implicitly defined as deleted
c:\software\programacion\MSVStudio2019\VC\Tools\MSVC\14.21.27702\include\xlocale(711,1): warning C4626:  'std::codecvt_base': assignment operator was implicitly defined as deleted
c:\software\programacion\MSVStudio2019\VC\Tools\MSVC\14.21.27702\include\xlocale(1160,1): warning C4625:  'std::codecvt<char16_t,char,_Mbstatet>': copy constructor was implicitly defined as deleted
c:\software\programacion\MSVStudio2019\VC\Tools\MSVC\14.21.27702\include\xlocale(1160,1): warning C4626:  'std::codecvt<char16_t,char,_Mbstatet>': assignment operator was implicitly defined as deleted
c:\software\programacion\MSVStudio2019\VC\Tools\MSVC\14.21.27702\include\xlocale(1420,1): warning C4625:  'std::codecvt<char32_t,char,_Mbstatet>': copy constructor was implicitly defined as deleted
c:\software\programacion\MSVStudio2019\VC\Tools\MSVC\14.21.27702\include\xlocale(1420,1): warning C4626:  'std::codecvt<char32_t,char,_Mbstatet>': assignment operator was implicitly defined as deleted
c:\software\programacion\MSVStudio2019\VC\Tools\MSVC\14.21.27702\include\xlocale(1620,1): warning C4625:  'std::codecvt<wchar_t,char,_Mbstatet>': copy constructor was implicitly defined as deleted
c:\software\programacion\MSVStudio2019\VC\Tools\MSVC\14.21.27702\include\xlocale(1620,1): warning C4626:  'std::codecvt<wchar_t,char,_Mbstatet>': assignment operator was implicitly defined as deleted
c:\software\programacion\MSVStudio2019\VC\Tools\MSVC\14.21.27702\include\xlocale(1823,1): warning C4625:  'std::codecvt<unsigned short,char,_Mbstatet>': copy constructor was implicitly defined as deleted
c:\software\programacion\MSVStudio2019\VC\Tools\MSVC\14.21.27702\include\xlocale(1823,1): warning C4626:  'std::codecvt<unsigned short,char,_Mbstatet>': assignment operator was implicitly defined as deleted
c:\software\programacion\MSVStudio2019\VC\Tools\MSVC\14.21.27702\include\xlocale(1875,1): warning C4625:  'std::ctype_base': copy constructor was implicitly defined as deleted
c:\software\programacion\MSVStudio2019\VC\Tools\MSVC\14.21.27702\include\xlocale(1875,1): warning C4626:  'std::ctype_base': assignment operator was implicitly defined as deleted
c:\software\programacion\MSVStudio2019\VC\Tools\MSVC\14.21.27702\include\xlocale(2306,1): warning C4625:  'std::ctype<char>': copy constructor was implicitly defined as deleted
c:\software\programacion\MSVStudio2019\VC\Tools\MSVC\14.21.27702\include\xlocale(2306,1): warning C4626:  'std::ctype<char>': assignment operator was implicitly defined as deleted
c:\software\programacion\MSVStudio2019\VC\Tools\MSVC\14.21.27702\include\xlocale(2509,1): warning C4625:  'std::ctype<wchar_t>': copy constructor was implicitly defined as deleted
c:\software\programacion\MSVStudio2019\VC\Tools\MSVC\14.21.27702\include\xlocale(2509,1): warning C4626:  'std::ctype<wchar_t>': assignment operator was implicitly defined as deleted
c:\software\programacion\MSVStudio2019\VC\Tools\MSVC\14.21.27702\include\xlocale(2713,1): warning C4625:  'std::ctype<unsigned short>': copy constructor was implicitly defined as deleted
c:\software\programacion\MSVStudio2019\VC\Tools\MSVC\14.21.27702\include\xlocale(2713,1): warning C4626:  'std::ctype<unsigned short>': assignment operator was implicitly defined as deleted
c:\software\programacion\MSVStudio2019\VC\Tools\MSVC\14.21.27702\include\xmemory0(1482,1): warning C4625:  'std::_Container_proxy_ptr12<std::allocator<std::_Container_proxy>>': copy constructor was implicitly defined as deleted
c:\software\programacion\MSVStudio2019\VC\Tools\MSVC\14.21.27702\include\xstring(2234): message :  see reference to class template instantiation 'std::_Container_proxy_ptr12<std::allocator<std::_Container_proxy>>' being compiled
c:\software\programacion\MSVStudio2019\VC\Tools\MSVC\14.21.27702\include\xstring(2231): message :  while compiling class template member function 'std::basic_string<char32_t,std::char_traits<char32_t>,std::allocator<char32_t>>::basic_string(const _Elem *const ,const unsigned __int64)'
c:\software\programacion\MSVStudio2019\VC\Tools\MSVC\14.21.27702\include\xstring(2231): message :         with
c:\software\programacion\MSVStudio2019\VC\Tools\MSVC\14.21.27702\include\xstring(2231): message :         [
c:\software\programacion\MSVStudio2019\VC\Tools\MSVC\14.21.27702\include\xstring(2231): message :             _Elem=char32_t
c:\software\programacion\MSVStudio2019\VC\Tools\MSVC\14.21.27702\include\xstring(2231): message :         ]
c:\software\programacion\MSVStudio2019\VC\Tools\MSVC\14.21.27702\include\xstring(4325): message :  see reference to function template instantiation 'std::basic_string<char32_t,std::char_traits<char32_t>,std::allocator<char32_t>>::basic_string(const _Elem *const ,const unsigned __int64)' being compiled
c:\software\programacion\MSVStudio2019\VC\Tools\MSVC\14.21.27702\include\xstring(4325): message :         with
c:\software\programacion\MSVStudio2019\VC\Tools\MSVC\14.21.27702\include\xstring(4325): message :         [
c:\software\programacion\MSVStudio2019\VC\Tools\MSVC\14.21.27702\include\xstring(4325): message :             _Elem=char32_t
c:\software\programacion\MSVStudio2019\VC\Tools\MSVC\14.21.27702\include\xstring(4325): message :         ]
c:\software\programacion\MSVStudio2019\VC\Tools\MSVC\14.21.27702\include\xstring(4324): message :  see reference to class template instantiation 'std::basic_string<char32_t,std::char_traits<char32_t>,std::allocator<char32_t>>' being compiled
c:\software\programacion\MSVStudio2019\VC\Tools\MSVC\14.21.27702\include\xmemory0(1482,1): warning C4626:  'std::_Container_proxy_ptr12<std::allocator<std::_Container_proxy>>': assignment operator was implicitly defined as deleted
c:\software\programacion\MSVStudio2019\VC\Tools\MSVC\14.21.27702\include\xlocnum(1525,1): warning C4625:  'std::num_put<_Elem,std::ostreambuf_iterator<_Elem,_Traits>>': copy constructor was implicitly defined as deleted
c:\software\programacion\MSVStudio2019\VC\Tools\MSVC\14.21.27702\include\xlocnum(1525,1): warning C4625:         with
c:\software\programacion\MSVStudio2019\VC\Tools\MSVC\14.21.27702\include\xlocnum(1525,1): warning C4625:         [
c:\software\programacion\MSVStudio2019\VC\Tools\MSVC\14.21.27702\include\xlocnum(1525,1): warning C4625:             _Elem=char,
c:\software\programacion\MSVStudio2019\VC\Tools\MSVC\14.21.27702\include\xlocnum(1525,1): warning C4625:             _Traits=std::char_traits<char>
c:\software\programacion\MSVStudio2019\VC\Tools\MSVC\14.21.27702\include\xlocnum(1525,1): warning C4625:         ]
c:\software\programacion\MSVStudio2019\VC\Tools\MSVC\14.21.27702\include\ostream(367): message :  see reference to class template instantiation 'std::num_put<_Elem,std::ostreambuf_iterator<_Elem,_Traits>>' being compiled
c:\software\programacion\MSVStudio2019\VC\Tools\MSVC\14.21.27702\include\ostream(367): message :         with
c:\software\programacion\MSVStudio2019\VC\Tools\MSVC\14.21.27702\include\ostream(367): message :         [
c:\software\programacion\MSVStudio2019\VC\Tools\MSVC\14.21.27702\include\ostream(367): message :             _Elem=char,
c:\software\programacion\MSVStudio2019\VC\Tools\MSVC\14.21.27702\include\ostream(367): message :             _Traits=std::char_traits<char>
c:\software\programacion\MSVStudio2019\VC\Tools\MSVC\14.21.27702\include\ostream(367): message :         ]
c:\software\programacion\MSVStudio2019\VC\Tools\MSVC\14.21.27702\include\ostream(359): message :  while compiling class template member function 'std::basic_ostream<char,std::char_traits<char>> &std::basic_ostream<char,std::char_traits<char>>::operator <<(float)'
U:\hlocal\SIM\Sistemas\practica1\skeleton\Sistema.cpp(32): message :  see reference to function template instantiation 'std::basic_ostream<char,std::char_traits<char>> &std::basic_ostream<char,std::char_traits<char>>::operator <<(float)' being compiled
U:\hlocal\SIM\Sistemas\practica1\skeleton\Sistema.cpp(32): message :  see reference to class template instantiation 'std::basic_ostream<char,std::char_traits<char>>' being compiled
c:\software\programacion\MSVStudio2019\VC\Tools\MSVC\14.21.27702\include\xlocnum(1525,1): warning C4626:  'std::num_put<_Elem,std::ostreambuf_iterator<_Elem,_Traits>>': assignment operator was implicitly defined as deleted
c:\software\programacion\MSVStudio2019\VC\Tools\MSVC\14.21.27702\include\xlocnum(1525,1): warning C4626:         with
c:\software\programacion\MSVStudio2019\VC\Tools\MSVC\14.21.27702\include\xlocnum(1525,1): warning C4626:         [
c:\software\programacion\MSVStudio2019\VC\Tools\MSVC\14.21.27702\include\xlocnum(1525,1): warning C4626:             _Elem=char,
c:\software\programacion\MSVStudio2019\VC\Tools\MSVC\14.21.27702\include\xlocnum(1525,1): warning C4626:             _Traits=std::char_traits<char>
c:\software\programacion\MSVStudio2019\VC\Tools\MSVC\14.21.27702\include\xlocnum(1525,1): warning C4626:         ]
c:\software\programacion\MSVStudio2019\VC\Tools\MSVC\14.21.27702\include\xlocnum(1321,53): warning C4774:  'sprintf_s' : format string expected in argument 3 is not a string literal
c:\software\programacion\MSVStudio2019\VC\Tools\MSVC\14.21.27702\include\xlocnum(1321,53): message :  e.g. instead of printf(name); use printf("%s", name); because format specifiers in 'name' may pose a security issue
c:\software\programacion\MSVStudio2019\VC\Tools\MSVC\14.21.27702\include\xlocnum(1321,53): message :  consider using constexpr specifier for named string literals
c:\software\programacion\MSVStudio2019\VC\Tools\MSVC\14.21.27702\include\xlocnum(1307): message :  while compiling class template member function '_OutIt std::num_put<_Elem,_OutIt>::do_put(_OutIt,std::ios_base &,_Elem,long double) const'
c:\software\programacion\MSVStudio2019\VC\Tools\MSVC\14.21.27702\include\xlocnum(1307): message :         with
c:\software\programacion\MSVStudio2019\VC\Tools\MSVC\14.21.27702\include\xlocnum(1307): message :         [
c:\software\programacion\MSVStudio2019\VC\Tools\MSVC\14.21.27702\include\xlocnum(1307): message :             _OutIt=std::ostreambuf_iterator<char,std::char_traits<char>>,
c:\software\programacion\MSVStudio2019\VC\Tools\MSVC\14.21.27702\include\xlocnum(1307): message :             _Elem=char
c:\software\programacion\MSVStudio2019\VC\Tools\MSVC\14.21.27702\include\xlocnum(1307): message :         ]
c:\software\programacion\MSVStudio2019\VC\Tools\MSVC\14.21.27702\include\ostream(367): message :  see reference to class template instantiation 'std::num_put<_Elem,std::ostreambuf_iterator<_Elem,_Traits>>' being compiled
c:\software\programacion\MSVStudio2019\VC\Tools\MSVC\14.21.27702\include\ostream(367): message :         with
c:\software\programacion\MSVStudio2019\VC\Tools\MSVC\14.21.27702\include\ostream(367): message :         [
c:\software\programacion\MSVStudio2019\VC\Tools\MSVC\14.21.27702\include\ostream(367): message :             _Elem=char,
c:\software\programacion\MSVStudio2019\VC\Tools\MSVC\14.21.27702\include\ostream(367): message :             _Traits=std::char_traits<char>
c:\software\programacion\MSVStudio2019\VC\Tools\MSVC\14.21.27702\include\ostream(367): message :         ]
c:\software\programacion\MSVStudio2019\VC\Tools\MSVC\14.21.27702\include\ostream(359): message :  while compiling class template member function 'std::basic_ostream<char,std::char_traits<char>> &std::basic_ostream<char,std::char_traits<char>>::operator <<(float)'
U:\hlocal\SIM\Sistemas\practica1\skeleton\Sistema.cpp(32): message :  see reference to function template instantiation 'std::basic_ostream<char,std::char_traits<char>> &std::basic_ostream<char,std::char_traits<char>>::operator <<(float)' being compiled
c:\software\programacion\MSVStudio2019\VC\Tools\MSVC\14.21.27702\include\xlocnum(1301,53): warning C4774:  'sprintf_s' : format string expected in argument 3 is not a string literal
c:\software\programacion\MSVStudio2019\VC\Tools\MSVC\14.21.27702\include\xlocnum(1301,53): message :  e.g. instead of printf(name); use printf("%s", name); because format specifiers in 'name' may pose a security issue
c:\software\programacion\MSVStudio2019\VC\Tools\MSVC\14.21.27702\include\xlocnum(1301,53): message :  consider using constexpr specifier for named string literals
c:\software\programacion\MSVStudio2019\VC\Tools\MSVC\14.21.27702\include\xlocnum(1287): message :  while compiling class template member function '_OutIt std::num_put<_Elem,_OutIt>::do_put(_OutIt,std::ios_base &,_Elem,double) const'
c:\software\programacion\MSVStudio2019\VC\Tools\MSVC\14.21.27702\include\xlocnum(1287): message :         with
c:\software\programacion\MSVStudio2019\VC\Tools\MSVC\14.21.27702\include\xlocnum(1287): message :         [
c:\software\programacion\MSVStudio2019\VC\Tools\MSVC\14.21.27702\include\xlocnum(1287): message :             _OutIt=std::ostreambuf_iterator<char,std::char_traits<char>>,
c:\software\programacion\MSVStudio2019\VC\Tools\MSVC\14.21.27702\include\xlocnum(1287): message :             _Elem=char
c:\software\programacion\MSVStudio2019\VC\Tools\MSVC\14.21.27702\include\xlocnum(1287): message :         ]
c:\software\programacion\MSVStudio2019\VC\Tools\MSVC\14.21.27702\include\xlocnum(1283,74): warning C4774:  'sprintf_s' : format string expected in argument 3 is not a string literal
c:\software\programacion\MSVStudio2019\VC\Tools\MSVC\14.21.27702\include\xlocnum(1283,74): message :  e.g. instead of printf(name); use printf("%s", name); because format specifiers in 'name' may pose a security issue
c:\software\programacion\MSVStudio2019\VC\Tools\MSVC\14.21.27702\include\xlocnum(1283,74): message :  consider using constexpr specifier for named string literals
c:\software\programacion\MSVStudio2019\VC\Tools\MSVC\14.21.27702\include\xlocnum(1279): message :  while compiling class template member function '_OutIt std::num_put<_Elem,_OutIt>::do_put(_OutIt,std::ios_base &,_Elem,unsigned __int64) const'
c:\software\programacion\MSVStudio2019\VC\Tools\MSVC\14.21.27702\include\xlocnum(1279): message :         with
c:\software\programacion\MSVStudio2019\VC\Tools\MSVC\14.21.27702\include\xlocnum(1279): message :         [
c:\software\programacion\MSVStudio2019\VC\Tools\MSVC\14.21.27702\include\xlocnum(1279): message :             _OutIt=std::ostreambuf_iterator<char,std::char_traits<char>>,
c:\software\programacion\MSVStudio2019\VC\Tools\MSVC\14.21.27702\include\xlocnum(1279): message :             _Elem=char
c:\software\programacion\MSVStudio2019\VC\Tools\MSVC\14.21.27702\include\xlocnum(1279): message :         ]
c:\software\programacion\MSVStudio2019\VC\Tools\MSVC\14.21.27702\include\xlocnum(1275,74): warning C4774:  'sprintf_s' : format string expected in argument 3 is not a string literal
c:\software\programacion\MSVStudio2019\VC\Tools\MSVC\14.21.27702\include\xlocnum(1275,74): message :  e.g. instead of printf(name); use printf("%s", name); because format specifiers in 'name' may pose a security issue
c:\software\programacion\MSVStudio2019\VC\Tools\MSVC\14.21.27702\include\xlocnum(1275,74): message :  consider using constexpr specifier for named string literals
c:\software\programacion\MSVStudio2019\VC\Tools\MSVC\14.21.27702\include\xlocnum(1271): message :  while compiling class template member function '_OutIt std::num_put<_Elem,_OutIt>::do_put(_OutIt,std::ios_base &,_Elem,__int64) const'
c:\software\programacion\MSVStudio2019\VC\Tools\MSVC\14.21.27702\include\xlocnum(1271): message :         with
c:\software\programacion\MSVStudio2019\VC\Tools\MSVC\14.21.27702\include\xlocnum(1271): message :         [
c:\software\programacion\MSVStudio2019\VC\Tools\MSVC\14.21.27702\include\xlocnum(1271): message :             _OutIt=std::ostreambuf_iterator<char,std::char_traits<char>>,
c:\software\programacion\MSVStudio2019\VC\Tools\MSVC\14.21.27702\include\xlocnum(1271): message :             _Elem=char
c:\software\programacion\MSVStudio2019\VC\Tools\MSVC\14.21.27702\include\xlocnum(1271): message :         ]
c:\software\programacion\MSVStudio2019\VC\Tools\MSVC\14.21.27702\include\xlocnum(1267,74): warning C4774:  'sprintf_s' : format string expected in argument 3 is not a string literal
c:\software\programacion\MSVStudio2019\VC\Tools\MSVC\14.21.27702\include\xlocnum(1267,74): message :  e.g. instead of printf(name); use printf("%s", name); because format specifiers in 'name' may pose a security issue
c:\software\programacion\MSVStudio2019\VC\Tools\MSVC\14.21.27702\include\xlocnum(1267,74): message :  consider using constexpr specifier for named string literals
c:\software\programacion\MSVStudio2019\VC\Tools\MSVC\14.21.27702\include\xlocnum(1263): message :  while compiling class template member function '_OutIt std::num_put<_Elem,_OutIt>::do_put(_OutIt,std::ios_base &,_Elem,unsigned long) const'
c:\software\programacion\MSVStudio2019\VC\Tools\MSVC\14.21.27702\include\xlocnum(1263): message :         with
c:\software\programacion\MSVStudio2019\VC\Tools\MSVC\14.21.27702\include\xlocnum(1263): message :         [
c:\software\programacion\MSVStudio2019\VC\Tools\MSVC\14.21.27702\include\xlocnum(1263): message :             _OutIt=std::ostreambuf_iterator<char,std::char_traits<char>>,
c:\software\programacion\MSVStudio2019\VC\Tools\MSVC\14.21.27702\include\xlocnum(1263): message :             _Elem=char
c:\software\programacion\MSVStudio2019\VC\Tools\MSVC\14.21.27702\include\xlocnum(1263): message :         ]
c:\software\programacion\MSVStudio2019\VC\Tools\MSVC\14.21.27702\include\xlocnum(1259,74): warning C4774:  'sprintf_s' : format string expected in argument 3 is not a string literal
c:\software\programacion\MSVStudio2019\VC\Tools\MSVC\14.21.27702\include\xlocnum(1259,74): message :  e.g. instead of printf(name); use printf("%s", name); because format specifiers in 'name' may pose a security issue
c:\software\programacion\MSVStudio2019\VC\Tools\MSVC\14.21.27702\include\xlocnum(1259,74): message :  consider using constexpr specifier for named string literals
c:\software\programacion\MSVStudio2019\VC\Tools\MSVC\14.21.27702\include\xlocnum(1255): message :  while compiling class template member function '_OutIt std::num_put<_Elem,_OutIt>::do_put(_OutIt,std::ios_base &,_Elem,long) const'
c:\software\programacion\MSVStudio2019\VC\Tools\MSVC\14.21.27702\include\xlocnum(1255): message :         with
c:\software\programacion\MSVStudio2019\VC\Tools\MSVC\14.21.27702\include\xlocnum(1255): message :         [
c:\software\programacion\MSVStudio2019\VC\Tools\MSVC\14.21.27702\include\xlocnum(1255): message :             _OutIt=std::ostreambuf_iterator<char,std::char_traits<char>>,
c:\software\programacion\MSVStudio2019\VC\Tools\MSVC\14.21.27702\include\xlocnum(1255): message :             _Elem=char
c:\software\programacion\MSVStudio2019\VC\Tools\MSVC\14.21.27702\include\xlocnum(1255): message :         ]
c:\software\programacion\MSVStudio2019\VC\Tools\MSVC\14.21.27702\include\xlocnum(237,1): warning C4625:  'std::numpunct<_Elem>': copy constructor was implicitly defined as deleted
c:\software\programacion\MSVStudio2019\VC\Tools\MSVC\14.21.27702\include\xlocnum(237,1): warning C4625:         with
c:\software\programacion\MSVStudio2019\VC\Tools\MSVC\14.21.27702\include\xlocnum(237,1): warning C4625:         [
c:\software\programacion\MSVStudio2019\VC\Tools\MSVC\14.21.27702\include\xlocnum(237,1): warning C4625:             _Elem=char
c:\software\programacion\MSVStudio2019\VC\Tools\MSVC\14.21.27702\include\xlocnum(237,1): warning C4625:         ]
c:\software\programacion\MSVStudio2019\VC\Tools\MSVC\14.21.27702\include\xlocnum(1235): message :  see reference to class template instantiation 'std::numpunct<_Elem>' being compiled
c:\software\programacion\MSVStudio2019\VC\Tools\MSVC\14.21.27702\include\xlocnum(1235): message :         with
c:\software\programacion\MSVStudio2019\VC\Tools\MSVC\14.21.27702\include\xlocnum(1235): message :         [
c:\software\programacion\MSVStudio2019\VC\Tools\MSVC\14.21.27702\include\xlocnum(1235): message :             _Elem=char
c:\software\programacion\MSVStudio2019\VC\Tools\MSVC\14.21.27702\include\xlocnum(1235): message :         ]
c:\software\programacion\MSVStudio2019\VC\Tools\MSVC\14.21.27702\include\xlocnum(1228): message :  while compiling class template member function '_OutIt std::num_put<_Elem,_OutIt>::do_put(_OutIt,std::ios_base &,_Elem,bool) const'
c:\software\programacion\MSVStudio2019\VC\Tools\MSVC\14.21.27702\include\xlocnum(1228): message :         with
c:\software\programacion\MSVStudio2019\VC\Tools\MSVC\14.21.27702\include\xlocnum(1228): message :         [
c:\software\programacion\MSVStudio2019\VC\Tools\MSVC\14.21.27702\include\xlocnum(1228): message :             _OutIt=std::ostreambuf_iterator<char,std::char_traits<char>>,
c:\software\programacion\MSVStudio2019\VC\Tools\MSVC\14.21.27702\include\xlocnum(1228): message :             _Elem=char
c:\software\programacion\MSVStudio2019\VC\Tools\MSVC\14.21.27702\include\xlocnum(1228): message :         ]
c:\software\programacion\MSVStudio2019\VC\Tools\MSVC\14.21.27702\include\xlocnum(237,1): warning C4626:  'std::numpunct<_Elem>': assignment operator was implicitly defined as deleted
c:\software\programacion\MSVStudio2019\VC\Tools\MSVC\14.21.27702\include\xlocnum(237,1): warning C4626:         with
c:\software\programacion\MSVStudio2019\VC\Tools\MSVC\14.21.27702\include\xlocnum(237,1): warning C4626:         [
c:\software\programacion\MSVStudio2019\VC\Tools\MSVC\14.21.27702\include\xlocnum(237,1): warning C4626:             _Elem=char
c:\software\programacion\MSVStudio2019\VC\Tools\MSVC\14.21.27702\include\xlocnum(237,1): warning C4626:         ]
c:\software\programacion\MSVStudio2019\VC\Tools\MSVC\14.21.27702\include\xlocnum(237,1): warning C4626: U:\hlocal\SIM\Sistemas\practica1\skeleton\Sistema.cpp(29) : warning C5045: Compiler will insert Spectre mitigation for memory load if /Qspectre switch specified
c:\software\programacion\MSVStudio2019\VC\Tools\MSVC\14.21.27702\include\xlocnum(237,1): warning C4626: U:\hlocal\SIM\Sistemas\practica1\skeleton\Sistema.cpp(28) : note: index '' range checked by comparison on this line
c:\software\programacion\MSVStudio2019\VC\Tools\MSVC\14.21.27702\include\xlocnum(237,1): warning C4626: U:\hlocal\SIM\Sistemas\practica1\skeleton\Sistema.cpp(29) : note: feeds call on this line
c:\software\programacion\MSVStudio2019\VC\Tools\MSVC\14.21.27702\include\xlocnum(237,1): warning C4626: c:\software\programacion\MSVStudio2019\VC\Tools\MSVC\14.21.27702\include\xmemory0(175) : warning C5045: Compiler will insert Spectre mitigation for memory load if /Qspectre switch specified
c:\software\programacion\MSVStudio2019\VC\Tools\MSVC\14.21.27702\include\xlocnum(237,1): warning C4626: c:\software\programacion\MSVStudio2019\VC\Tools\MSVC\14.21.27702\include\xmemory0(174) : note: index '_Bytes' range checked by comparison on this line
c:\software\programacion\MSVStudio2019\VC\Tools\MSVC\14.21.27702\include\xlocnum(237,1): warning C4626: c:\software\programacion\MSVStudio2019\VC\Tools\MSVC\14.21.27702\include\xmemory0(175) : note: feeds call on this line
c:\software\programacion\MSVStudio2019\VC\Tools\MSVC\14.21.27702\include\xlocnum(237,1): warning C4626: c:\software\programacion\MSVStudio2019\VC\Tools\MSVC\14.21.27702\include\ostream(724) : warning C5045: Compiler will insert Spectre mitigation for memory load if /Qspectre switch specified
c:\software\programacion\MSVStudio2019\VC\Tools\MSVC\14.21.27702\include\xlocnum(237,1): warning C4626: c:\software\programacion\MSVStudio2019\VC\Tools\MSVC\14.21.27702\include\ostream(723) : note: index '_Pad' range checked by comparison on this line
c:\software\programacion\MSVStudio2019\VC\Tools\MSVC\14.21.27702\include\xlocnum(237,1): warning C4626: c:\software\programacion\MSVStudio2019\VC\Tools\MSVC\14.21.27702\include\ostream(724) : note: feeds call on this line
c:\software\programacion\MSVStudio2019\VC\Tools\MSVC\14.21.27702\include\xlocnum(237,1): warning C4626: c:\software\programacion\MSVStudio2019\VC\Tools\MSVC\14.21.27702\include\ostream(711) : warning C5045: Compiler will insert Spectre mitigation for memory load if /Qspectre switch specified
c:\software\programacion\MSVStudio2019\VC\Tools\MSVC\14.21.27702\include\xlocnum(237,1): warning C4626: c:\software\programacion\MSVStudio2019\VC\Tools\MSVC\14.21.27702\include\ostream(710) : note: index '_Pad' range checked by comparison on this line
c:\software\programacion\MSVStudio2019\VC\Tools\MSVC\14.21.27702\include\xlocnum(237,1): warning C4626: c:\software\programacion\MSVStudio2019\VC\Tools\MSVC\14.21.27702\include\ostream(711) : note: feeds call on this line
c:\software\programacion\MSVStudio2019\VC\Tools\MSVC\14.21.27702\include\xlocnum(237,1): warning C4626: c:\software\programacion\MSVStudio2019\VC\Tools\MSVC\14.21.27702\include\ostream(702) : warning C5045: Compiler will insert Spectre mitigation for memory load if /Qspectre switch specified
c:\software\programacion\MSVStudio2019\VC\Tools\MSVC\14.21.27702\include\xlocnum(237,1): warning C4626: c:\software\programacion\MSVStudio2019\VC\Tools\MSVC\14.21.27702\include\ostream(702) : note: index '' range checked by comparison on this line
c:\software\programacion\MSVStudio2019\VC\Tools\MSVC\14.21.27702\include\xlocnum(237,1): warning C4626: c:\software\programacion\MSVStudio2019\VC\Tools\MSVC\14.21.27702\include\ostream(702) : note: feeds call on this line
c:\software\programacion\MSVStudio2019\VC\Tools\MSVC\14.21.27702\include\xlocnum(237,1): warning C4626: c:\software\programacion\MSVStudio2019\VC\Tools\MSVC\14.21.27702\include\streambuf(163) : warning C5045: Compiler will insert Spectre mitigation for memory load if /Qspectre switch specified
c:\software\programacion\MSVStudio2019\VC\Tools\MSVC\14.21.27702\include\xlocnum(237,1): warning C4626: c:\software\programacion\MSVStudio2019\VC\Tools\MSVC\14.21.27702\include\streambuf(163) : note: index '' range checked by comparison on this line
c:\software\programacion\MSVStudio2019\VC\Tools\MSVC\14.21.27702\include\xlocnum(237,1): warning C4626: c:\software\programacion\MSVStudio2019\VC\Tools\MSVC\14.21.27702\include\streambuf(163) : note: feeds call on this line
c:\software\programacion\MSVStudio2019\VC\Tools\MSVC\14.21.27702\include\xlocnum(237,1): warning C4626: c:\software\programacion\MSVStudio2019\VC\Tools\MSVC\14.21.27702\include\xlocale(383) : warning C5045: Compiler will insert Spectre mitigation for memory load if /Qspectre switch specified
c:\software\programacion\MSVStudio2019\VC\Tools\MSVC\14.21.27702\include\xlocnum(237,1): warning C4626: c:\software\programacion\MSVStudio2019\VC\Tools\MSVC\14.21.27702\include\xlocale(383) : note: index '_Id' range checked by comparison on this line
c:\software\programacion\MSVStudio2019\VC\Tools\MSVC\14.21.27702\include\xlocnum(237,1): warning C4626: c:\software\programacion\MSVStudio2019\VC\Tools\MSVC\14.21.27702\include\xlocale(385) : note: feeds call on this line
c:\software\programacion\MSVStudio2019\VC\Tools\MSVC\14.21.27702\include\xlocnum(237,1): warning C4626: c:\software\programacion\MSVStudio2019\VC\Tools\MSVC\14.21.27702\include\xlocale(388) : warning C5045: Compiler will insert Spectre mitigation for memory load if /Qspectre switch specified
c:\software\programacion\MSVStudio2019\VC\Tools\MSVC\14.21.27702\include\xlocnum(237,1): warning C4626: c:\software\programacion\MSVStudio2019\VC\Tools\MSVC\14.21.27702\include\xlocale(388) : note: index '_Id' range checked by comparison on this line
c:\software\programacion\MSVStudio2019\VC\Tools\MSVC\14.21.27702\include\xlocnum(237,1): warning C4626: c:\software\programacion\MSVStudio2019\VC\Tools\MSVC\14.21.27702\include\xlocale(388) : note: feeds call on this line
c:\software\programacion\MSVStudio2019\VC\Tools\MSVC\14.21.27702\include\xlocnum(237,1): warning C4626: c:\software\programacion\MSVStudio2019\VC\Tools\MSVC\14.21.27702\include\vector(1596) : warning C5045: Compiler will insert Spectre mitigation for memory load if /Qspectre switch specified
c:\software\programacion\MSVStudio2019\VC\Tools\MSVC\14.21.27702\include\xlocnum(237,1): warning C4626: c:\software\programacion\MSVStudio2019\VC\Tools\MSVC\14.21.27702\include\vector(1595) : note: index '_Newsize' range checked by comparison on this line
c:\software\programacion\MSVStudio2019\VC\Tools\MSVC\14.21.27702\include\xlocnum(237,1): warning C4626: c:\software\programacion\MSVStudio2019\VC\Tools\MSVC\14.21.27702\include\vector(1596) : note: feeds call on this line
c:\software\programacion\MSVStudio2019\VC\Tools\MSVC\14.21.27702\include\xlocnum(237,1): warning C4626: c:\software\programacion\MSVStudio2019\VC\Tools\MSVC\14.21.27702\include\xlocnum(1295) : warning C5045: Compiler will insert Spectre mitigation for memory load if /Qspectre switch specified
c:\software\programacion\MSVStudio2019\VC\Tools\MSVC\14.21.27702\include\xlocnum(237,1): warning C4626: c:\software\programacion\MSVStudio2019\VC\Tools\MSVC\14.21.27702\include\xlocnum(1293) : note: index '' range checked by comparison on this line
c:\software\programacion\MSVStudio2019\VC\Tools\MSVC\14.21.27702\include\xlocnum(237,1): warning C4626: c:\software\programacion\MSVStudio2019\VC\Tools\MSVC\14.21.27702\include\xlocnum(1295) : note: feeds call on this line
c:\software\programacion\MSVStudio2019\VC\Tools\MSVC\14.21.27702\include\xlocnum(237,1): warning C4626: c:\software\programacion\MSVStudio2019\VC\Tools\MSVC\14.21.27702\include\xlocnum(1315) : warning C5045: Compiler will insert Spectre mitigation for memory load if /Qspectre switch specified
c:\software\programacion\MSVStudio2019\VC\Tools\MSVC\14.21.27702\include\xlocnum(237,1): warning C4626: c:\software\programacion\MSVStudio2019\VC\Tools\MSVC\14.21.27702\include\xlocnum(1313) : note: index '' range checked by comparison on this line
c:\software\programacion\MSVStudio2019\VC\Tools\MSVC\14.21.27702\include\xlocnum(237,1): warning C4626: c:\software\programacion\MSVStudio2019\VC\Tools\MSVC\14.21.27702\include\xlocnum(1315) : note: feeds call on this line
c:\software\programacion\MSVStudio2019\VC\Tools\MSVC\14.21.27702\include\xlocnum(237,1): warning C4626: c:\software\programacion\MSVStudio2019\VC\Tools\MSVC\14.21.27702\include\xlocnum(1240) : warning C5045: Compiler will insert Spectre mitigation for memory load if /Qspectre switch specified
c:\software\programacion\MSVStudio2019\VC\Tools\MSVC\14.21.27702\include\xlocnum(237,1): warning C4626: c:\software\programacion\MSVStudio2019\VC\Tools\MSVC\14.21.27702\include\xlocnum(1240) : note: index '' range checked by comparison on this line
c:\software\programacion\MSVStudio2019\VC\Tools\MSVC\14.21.27702\include\xlocnum(237,1): warning C4626: c:\software\programacion\MSVStudio2019\VC\Tools\MSVC\14.21.27702\include\xlocnum(1240) : note: feeds call on this line
c:\software\programacion\MSVStudio2019\VC\Tools\MSVC\14.21.27702\include\xlocnum(237,1): warning C4626: c:\software\programacion\MSVStudio2019\VC\Tools\MSVC\14.21.27702\include\xstring(3322) : warning C5045: Compiler will insert Spectre mitigation for memory load if /Qspectre switch specified
c:\software\programacion\MSVStudio2019\VC\Tools\MSVC\14.21.27702\include\xlocnum(237,1): warning C4626: c:\software\programacion\MSVStudio2019\VC\Tools\MSVC\14.21.27702\include\xstring(3319) : note: index '_Old_size' range checked by comparison on this line
c:\software\programacion\MSVStudio2019\VC\Tools\MSVC\14.21.27702\include\xlocnum(237,1): warning C4626: c:\software\programacion\MSVStudio2019\VC\Tools\MSVC\14.21.27702\include\xstring(3322) : note: feeds call on this line
c:\software\programacion\MSVStudio2019\VC\Tools\MSVC\14.21.27702\include\xlocnum(237,1): warning C4626: c:\software\programacion\MSVStudio2019\VC\Tools\MSVC\14.21.27702\include\xstring(3320) : warning C5045: Compiler will insert Spectre mitigation for memory load if /Qspectre switch specified
c:\software\programacion\MSVStudio2019\VC\Tools\MSVC\14.21.27702\include\xlocnum(237,1): warning C4626: c:\software\programacion\MSVStudio2019\VC\Tools\MSVC\14.21.27702\include\xstring(3319) : note: index '_Old_size' range checked by comparison on this line
c:\software\programacion\MSVStudio2019\VC\Tools\MSVC\14.21.27702\include\xlocnum(237,1): warning C4626: c:\software\programacion\MSVStudio2019\VC\Tools\MSVC\14.21.27702\include\xstring(3320) : note: feeds call on this line
c:\software\programacion\MSVStudio2019\VC\Tools\MSVC\14.21.27702\include\xlocnum(237,1): warning C4626: c:\software\programacion\MSVStudio2019\VC\Tools\MSVC\14.21.27702\include\xlocnum(1488) : warning C5045: Compiler will insert Spectre mitigation for memory load if /Qspectre switch specified
c:\software\programacion\MSVStudio2019\VC\Tools\MSVC\14.21.27702\include\xlocnum(237,1): warning C4626: c:\software\programacion\MSVStudio2019\VC\Tools\MSVC\14.21.27702\include\xlocnum(1488) : note: index '' range checked by comparison on this line
c:\software\programacion\MSVStudio2019\VC\Tools\MSVC\14.21.27702\include\xlocnum(237,1): warning C4626: c:\software\programacion\MSVStudio2019\VC\Tools\MSVC\14.21.27702\include\xlocnum(1488) : note: feeds call on this line
c:\software\programacion\MSVStudio2019\VC\Tools\MSVC\14.21.27702\include\xlocnum(237,1): warning C4626: c:\software\programacion\MSVStudio2019\VC\Tools\MSVC\14.21.27702\include\xlocnum(1480) : warning C5045: Compiler will insert Spectre mitigation for memory load if /Qspectre switch specified
c:\software\programacion\MSVStudio2019\VC\Tools\MSVC\14.21.27702\include\xlocnum(237,1): warning C4626: c:\software\programacion\MSVStudio2019\VC\Tools\MSVC\14.21.27702\include\xlocnum(1478) : note: index '' range checked by comparison on this line
c:\software\programacion\MSVStudio2019\VC\Tools\MSVC\14.21.27702\include\xlocnum(237,1): warning C4626: c:\software\programacion\MSVStudio2019\VC\Tools\MSVC\14.21.27702\include\xlocnum(1480) : note: feeds call on this line
c:\software\programacion\MSVStudio2019\VC\Tools\MSVC\14.21.27702\include\xlocnum(237,1): warning C4626: c:\software\programacion\MSVStudio2019\VC\Tools\MSVC\14.21.27702\include\xlocnum(1411) : warning C5045: Compiler will insert Spectre mitigation for memory load if /Qspectre switch specified
c:\software\programacion\MSVStudio2019\VC\Tools\MSVC\14.21.27702\include\xlocnum(237,1): warning C4626: c:\software\programacion\MSVStudio2019\VC\Tools\MSVC\14.21.27702\include\xlocnum(1411) : note: index '' range checked by comparison on this line
c:\software\programacion\MSVStudio2019\VC\Tools\MSVC\14.21.27702\include\xlocnum(237,1): warning C4626: c:\software\programacion\MSVStudio2019\VC\Tools\MSVC\14.21.27702\include\xlocnum(1411) : note: feeds call on this line
c:\software\programacion\MSVStudio2019\VC\Tools\MSVC\14.21.27702\include\xlocnum(237,1): warning C4626: c:\software\programacion\MSVStudio2019\VC\Tools\MSVC\14.21.27702\include\xlocnum(1404) : warning C5045: Compiler will insert Spectre mitigation for memory load if /Qspectre switch specified
c:\software\programacion\MSVStudio2019\VC\Tools\MSVC\14.21.27702\include\xlocnum(237,1): warning C4626: c:\software\programacion\MSVStudio2019\VC\Tools\MSVC\14.21.27702\include\xlocnum(1403) : note: index '' range checked by comparison on this line
c:\software\programacion\MSVStudio2019\VC\Tools\MSVC\14.21.27702\include\xlocnum(237,1): warning C4626: c:\software\programacion\MSVStudio2019\VC\Tools\MSVC\14.21.27702\include\xlocnum(1404) : note: feeds call on this line
c:\software\programacion\MSVStudio2019\VC\Tools\MSVC\14.21.27702\include\xlocnum(237,1): warning C4626: c:\software\programacion\MSVStudio2019\VC\Tools\MSVC\14.21.27702\include\xstring(2677) : warning C5045: Compiler will insert Spectre mitigation for memory load if /Qspectre switch specified
c:\software\programacion\MSVStudio2019\VC\Tools\MSVC\14.21.27702\include\xlocnum(237,1): warning C4626: c:\software\programacion\MSVStudio2019\VC\Tools\MSVC\14.21.27702\include\xstring(2673) : note: index '_Count' range checked by comparison on this line
c:\software\programacion\MSVStudio2019\VC\Tools\MSVC\14.21.27702\include\xlocnum(237,1): warning C4626: c:\software\programacion\MSVStudio2019\VC\Tools\MSVC\14.21.27702\include\xstring(2677) : note: feeds call on this line
c:\software\programacion\MSVStudio2019\VC\Tools\MSVC\14.21.27702\include\xlocnum(237,1): warning C4626: c:\software\programacion\MSVStudio2019\VC\Tools\MSVC\14.21.27702\include\xstring(2851) : warning C5045: Compiler will insert Spectre mitigation for memory load if /Qspectre switch specified
c:\software\programacion\MSVStudio2019\VC\Tools\MSVC\14.21.27702\include\xlocnum(237,1): warning C4626: c:\software\programacion\MSVStudio2019\VC\Tools\MSVC\14.21.27702\include\xstring(2846) : note: index '_Count' range checked by comparison on this line
c:\software\programacion\MSVStudio2019\VC\Tools\MSVC\14.21.27702\include\xlocnum(237,1): warning C4626: c:\software\programacion\MSVStudio2019\VC\Tools\MSVC\14.21.27702\include\xstring(2851) : note: feeds call on this line
c:\software\programacion\MSVStudio2019\VC\Tools\MSVC\14.21.27702\include\xlocnum(237,1): warning C4626: c:\software\programacion\MSVStudio2019\VC\Tools\MSVC\14.21.27702\include\xstring(3908) : warning C5045: Compiler will insert Spectre mitigation for memory load if /Qspectre switch specified
c:\software\programacion\MSVStudio2019\VC\Tools\MSVC\14.21.27702\include\xlocnum(237,1): warning C4626: c:\software\programacion\MSVStudio2019\VC\Tools\MSVC\14.21.27702\include\xstring(3905) : note: index '_Old_capacity' range checked by comparison on this line
c:\software\programacion\MSVStudio2019\VC\Tools\MSVC\14.21.27702\include\xlocnum(237,1): warning C4626: c:\software\programacion\MSVStudio2019\VC\Tools\MSVC\14.21.27702\include\xstring(3908) : note: feeds call on this line
c:\software\programacion\MSVStudio2019\VC\Tools\MSVC\14.21.27702\include\xlocnum(237,1): warning C4626: c:\software\programacion\MSVStudio2019\VC\Tools\MSVC\14.21.27702\include\xstring(2753) : warning C5045: Compiler will insert Spectre mitigation for memory load if /Qspectre switch specified
c:\software\programacion\MSVStudio2019\VC\Tools\MSVC\14.21.27702\include\xlocnum(237,1): warning C4626: c:\software\programacion\MSVStudio2019\VC\Tools\MSVC\14.21.27702\include\xstring(2749) : note: index '_Count' range checked by comparison on this line
c:\software\programacion\MSVStudio2019\VC\Tools\MSVC\14.21.27702\include\xlocnum(237,1): warning C4626: c:\software\programacion\MSVStudio2019\VC\Tools\MSVC\14.21.27702\include\xstring(2753) : note: feeds call on this line
c:\software\programacion\MSVStudio2019\VC\Tools\MSVC\14.21.27702\include\xlocnum(237,1): warning C4626: c:\software\programacion\MSVStudio2019\VC\Tools\MSVC\14.21.27702\include\xstring(3853) : warning C5045: Compiler will insert Spectre mitigation for memory load if /Qspectre switch specified
c:\software\programacion\MSVStudio2019\VC\Tools\MSVC\14.21.27702\include\xlocnum(237,1): warning C4626: c:\software\programacion\MSVStudio2019\VC\Tools\MSVC\14.21.27702\include\xstring(3852) : note: index '' range checked by comparison on this line
c:\software\programacion\MSVStudio2019\VC\Tools\MSVC\14.21.27702\include\xlocnum(237,1): warning C4626: c:\software\programacion\MSVStudio2019\VC\Tools\MSVC\14.21.27702\include\xstring(3853) : note: feeds call on this line
c:\software\programacion\MSVStudio2019\VC\Tools\MSVC\14.21.27702\include\xlocnum(237,1): warning C4626: c:\software\programacion\MSVStudio2019\VC\Tools\MSVC\14.21.27702\include\xstring(3848) : warning C5045: Compiler will insert Spectre mitigation for memory load if /Qspectre switch specified
c:\software\programacion\MSVStudio2019\VC\Tools\MSVC\14.21.27702\include\xlocnum(237,1): warning C4626: c:\software\programacion\MSVStudio2019\VC\Tools\MSVC\14.21.27702\include\xstring(3847) : note: index '_Max' range checked by comparison on this line
c:\software\programacion\MSVStudio2019\VC\Tools\MSVC\14.21.27702\include\xlocnum(237,1): warning C4626: c:\software\programacion\MSVStudio2019\VC\Tools\MSVC\14.21.27702\include\xstring(3848) : note: feeds call on this line
c:\software\programacion\MSVStudio2019\VC\Tools\MSVC\14.21.27702\include\xlocnum(237,1): warning C4626: c:\software\programacion\MSVStudio2019\VC\Tools\MSVC\14.21.27702\include\xstring(2731) : warning C5045: Compiler will insert Spectre mitigation for memory load if /Qspectre switch specified
c:\software\programacion\MSVStudio2019\VC\Tools\MSVC\14.21.27702\include\xlocnum(237,1): warning C4626: c:\software\programacion\MSVStudio2019\VC\Tools\MSVC\14.21.27702\include\xstring(2727) : note: index '_Count' range checked by comparison on this line
c:\software\programacion\MSVStudio2019\VC\Tools\MSVC\14.21.27702\include\xlocnum(237,1): warning C4626: c:\software\programacion\MSVStudio2019\VC\Tools\MSVC\14.21.27702\include\xstring(2731) : note: feeds call on this line
c:\software\programacion\MSVStudio2019\VC\Tools\MSVC\14.21.27702\include\xlocnum(237,1): warning C4626: c:\software\programacion\MSVStudio2019\VC\Tools\MSVC\14.21.27702\include\xstring(3877) : warning C5045: Compiler will insert Spectre mitigation for memory load if /Qspectre switch specified
c:\software\programacion\MSVStudio2019\VC\Tools\MSVC\14.21.27702\include\xlocnum(237,1): warning C4626: c:\software\programacion\MSVStudio2019\VC\Tools\MSVC\14.21.27702\include\xstring(3876) : note: index '_Old_capacity' range checked by comparison on this line
c:\software\programacion\MSVStudio2019\VC\Tools\MSVC\14.21.27702\include\xlocnum(237,1): warning C4626: c:\software\programacion\MSVStudio2019\VC\Tools\MSVC\14.21.27702\include\xstring(3877) : note: feeds call on this line
c:\software\programacion\MSVStudio2019\VC\Tools\MSVC\14.21.27702\include\xlocnum(237,1): warning C4626: c:\software\programacion\MSVStudio2019\VC\Tools\MSVC\14.21.27702\include\xstring(2652) : warning C5045: Compiler will insert Spectre mitigation for memory load if /Qspectre switch specified
c:\software\programacion\MSVStudio2019\VC\Tools\MSVC\14.21.27702\include\xlocnum(237,1): warning C4626: c:\software\programacion\MSVStudio2019\VC\Tools\MSVC\14.21.27702\include\xstring(2648) : note: index '_Count' range checked by comparison on this line
c:\software\programacion\MSVStudio2019\VC\Tools\MSVC\14.21.27702\include\xlocnum(237,1): warning C4626: c:\software\programacion\MSVStudio2019\VC\Tools\MSVC\14.21.27702\include\xstring(2652) : note: feeds call on this line
  game.vcxproj -> U:\hlocal\SIM\Sistemas\practica1\skeleton\../bin/practica1DEBUG.exe
